<!DOCTYPE html PUBLIC "-//W3C//DTD XHTML 1.1//EN" "http://www.w3.org/TR/xhtml11/DTD/xhtml11.dtd">
<html xmlns="http://www.w3.org/1999/xhtml">
<head>
<meta http-equiv="content-type" content="text/html; charset=UTF-8"/>
<title>TestNG Report</title>
<style type="text/css">table {margin-bottom:10px;border-collapse:collapse;empty-cells:show}th,td {border:1px solid #009;padding:.25em .5em}th {vertical-align:bottom}td {vertical-align:top}table a {font-weight:bold}.stripe td {background-color: #E6EBF9}.num {text-align:right}.passedodd td {background-color: #3F3}.passedeven td {background-color: #0A0}.skippedodd td {background-color: #DDD}.skippedeven td {background-color: #CCC}.failedodd td,.attn {background-color: #F33}.failedeven td,.stripe .attn {background-color: #D00}.stacktrace {white-space:pre;font-family:monospace}.totop {font-size:85%;text-align:center;border-bottom:2px solid #000}.invisible {display:none}</style>
</head>
<body>
<table>
<tr><th>Test</th><th># Passed</th><th># Skipped</th><th># Failed</th><th>Time (ms)</th><th>Included Groups</th><th>Excluded Groups</th></tr>
<tr><th colspan="7">SMSRC</th></tr>
<tr><td><a href="#t0">SMSRC_TestCase1</a></td><td class="num">3</td><td class="num">0</td><td class="num attn">11</td><td class="num">550,116</td><td></td><td></td></tr>
</table>
<table id='summary'><thead><tr><th>Class</th><th>Method</th><th>Start</th><th>Time (ms)</th></tr></thead><tbody><tr><th colspan="4">SMSRC</th></tr></tbody><tbody id="t0"><tr><th colspan="4">SMSRC_TestCase1 &#8212; failed</th></tr><tr class="failedeven"><td rowspan="1">com.TestCase.All_co_Rx_Report.Category_to_Category_Report</td><td><a href="#m0">Category_to_Category_Details</a></td><td rowspan="1">1581130682570</td><td rowspan="1">1110</td></tr><tr class="failedodd"><td rowspan="1">com.TestCase.Base_Per_Capita_Report.Category_Brand_to_Brand_Report</td><td><a href="#m1">Details</a></td><td rowspan="1">1581130681435</td><td rowspan="1">1125</td></tr><tr class="failedeven"><td rowspan="1">com.TestCase.Core_Analysis.Top20_Brand_To_Brand_Report</td><td><a href="#m2">Top20_Brand_To_Brand_Details</a></td><td rowspan="1">1581130683690</td><td rowspan="1">1110</td></tr><tr class="failedodd"><td rowspan="1">com.TestCase.Dosage_And_Duration_Report.Category_Molecule_Brand_Strength_Report</td><td><a href="#m3">Category_Molecule_Brand_Strength_Details</a></td><td rowspan="1">1581130698170</td><td rowspan="1">6150</td></tr><tr class="failedeven"><td rowspan="2">com.TestCase.Login.Login_TestCase</td><td><a href="#m4">Without_Password</a></td><td rowspan="1">1581130167861</td><td rowspan="1">12963</td></tr><tr class="failedeven"><td><a href="#m5">Without_UserName</a></td><td rowspan="1">1581130180834</td><td rowspan="1">17616</td></tr><tr class="failedodd"><td rowspan="1">com.TestCase.PDPC_Report.PDPC_Cat_BrdMol_Mol_Brnd_SKU_PAT_Set1</td><td><a href="#m6">Categry_Mol</a></td><td rowspan="1">1581130525238</td><td rowspan="1">155053</td></tr><tr class="failedeven"><td rowspan="1">com.TestCase.Product_1_2_Report.Category_Company_Division_Report</td><td><a href="#m7">Details</a></td><td rowspan="1">1581130680311</td><td rowspan="1">1114</td></tr><tr class="failedodd"><td rowspan="1">com.TestCase.RXER_Profile_Age_Report.RXER_Profile_Age_TestCase</td><td><a href="#m8">details</a></td><td rowspan="1">1581130685890</td><td rowspan="1">6130</td></tr><tr class="failedeven"><td rowspan="1">com.TestCase.Rpm_Report.Rpm_TestCase</td><td><a href="#m9">details</a></td><td rowspan="1">1581130692030</td><td rowspan="1">6130</td></tr><tr class="failedodd"><td rowspan="1">com.TestCase.Trends_Report.Trend_Contibution_category_molecule_brand_Report</td><td><a href="#m10">Trend_Contibution_category_molecule_brand_Details</a></td><td rowspan="1">1581130684810</td><td rowspan="1">1070</td></tr><tr><th colspan="4">SMSRC_TestCase1 &#8212; passed</th></tr><tr class="passedeven"><td rowspan="2">com.TestCase.Login.Login_TestCase</td><td><a href="#m11">Url_Hit</a></td><td rowspan="1">1581130154264</td><td rowspan="1">13597</td></tr><tr class="passedeven"><td><a href="#m12">With_Username_Password</a></td><td rowspan="1">1581130198450</td><td rowspan="1">19160</td></tr><tr class="passedodd"><td rowspan="1">com.TestCase.Patient_Profile_Age.category_brand_custom_TestCase</td><td><a href="#m13">brand_custom_TestCase</a></td><td rowspan="1">1581130217610</td><td rowspan="1">307628</td></tr></tbody>
</table>
<h2>SMSRC_TestCase1</h2><h3 id="m0">com.TestCase.All_co_Rx_Report.Category_to_Category_Report#Category_to_Category_Details</h3><table class="result"><tr><th>Exception</th></tr><tr><td><div class="stacktrace">org.openqa.selenium.ElementClickInterceptedException: element click intercepted: Element &lt;a href=&quot;javascript:void(0)&quot; class=&quot;has-ul legitRipple&quot;&gt;...&lt;/a&gt; is not clickable at point (115, 22). Other element would receive the click: &lt;img src=&quot;/images/left-sidebar-logo.png&quot;&gt;
  (Session info: chrome=80.0.3987.87)
Build info: version: &apos;3.141.59&apos;, revision: &apos;e82be7d358&apos;, time: &apos;2018-11-14T08:17:03&apos;
System info: host: &apos;ADMIN-PC&apos;, ip: &apos;192.168.11.105&apos;, os.name: &apos;Windows 7&apos;, os.arch: &apos;amd64&apos;, os.version: &apos;6.1&apos;, java.version: &apos;1.8.0_231&apos;
Driver info: org.openqa.selenium.chrome.ChromeDriver
Capabilities {acceptInsecureCerts: false, browserName: chrome, browserVersion: 80.0.3987.87, chrome: {chromedriverVersion: 79.0.3945.36 (3582db32b3389..., userDataDir: C:\Users\admin\AppData\Loca...}, goog:chromeOptions: {debuggerAddress: localhost:55273}, javascriptEnabled: true, networkConnectionEnabled: false, pageLoadStrategy: normal, platform: WINDOWS, platformName: WINDOWS, proxy: Proxy(), setWindowRect: true, strictFileInteractability: false, timeouts: {implicit: 0, pageLoad: 300000, script: 30000}, unhandledPromptBehavior: dismiss and notify}
Session ID: cc9b32299a88796ffd0cedde80404eab
	at org.openqa.selenium.remote.http.W3CHttpResponseCodec.createException(W3CHttpResponseCodec.java:187)
	at org.openqa.selenium.remote.http.W3CHttpResponseCodec.decode(W3CHttpResponseCodec.java:122)
	at org.openqa.selenium.remote.http.W3CHttpResponseCodec.decode(W3CHttpResponseCodec.java:49)
	at org.openqa.selenium.remote.HttpCommandExecutor.execute(HttpCommandExecutor.java:158)
	at org.openqa.selenium.remote.service.DriverCommandExecutor.execute(DriverCommandExecutor.java:83)
	at org.openqa.selenium.remote.RemoteWebDriver.execute(RemoteWebDriver.java:552)
	at org.openqa.selenium.remote.RemoteWebElement.execute(RemoteWebElement.java:285)
	at org.openqa.selenium.remote.RemoteWebElement.click(RemoteWebElement.java:84)
	at com.PageObject.All_Co_Rx.Category_to_Category.Category_Details(Category_to_Category.java:13)
	at com.TestCase.All_co_Rx_Report.Category_to_Category_Report.Category_to_Category_Details(Category_to_Category_Report.java:10)
	at com.intellij.rt.testng.IDEARemoteTestNG.run(IDEARemoteTestNG.java:66)
	at com.intellij.rt.testng.RemoteTestNGStarter.main(RemoteTestNGStarter.java:110)
... Removed 26 stack frames</div></td></tr></table><p class="totop"><a href="#summary">back to summary</a></p>
<h3 id="m1">com.TestCase.Base_Per_Capita_Report.Category_Brand_to_Brand_Report#Details</h3><table class="result"><tr><th>Exception</th></tr><tr><td><div class="stacktrace">org.openqa.selenium.ElementClickInterceptedException: element click intercepted: Element &lt;a href=&quot;javascript:void(0)&quot; class=&quot;has-ul legitRipple&quot;&gt;...&lt;/a&gt; is not clickable at point (115, 22). Other element would receive the click: &lt;img src=&quot;/images/left-sidebar-logo.png&quot;&gt;
  (Session info: chrome=80.0.3987.87)
Build info: version: &apos;3.141.59&apos;, revision: &apos;e82be7d358&apos;, time: &apos;2018-11-14T08:17:03&apos;
System info: host: &apos;ADMIN-PC&apos;, ip: &apos;192.168.11.105&apos;, os.name: &apos;Windows 7&apos;, os.arch: &apos;amd64&apos;, os.version: &apos;6.1&apos;, java.version: &apos;1.8.0_231&apos;
Driver info: org.openqa.selenium.chrome.ChromeDriver
Capabilities {acceptInsecureCerts: false, browserName: chrome, browserVersion: 80.0.3987.87, chrome: {chromedriverVersion: 79.0.3945.36 (3582db32b3389..., userDataDir: C:\Users\admin\AppData\Loca...}, goog:chromeOptions: {debuggerAddress: localhost:55273}, javascriptEnabled: true, networkConnectionEnabled: false, pageLoadStrategy: normal, platform: WINDOWS, platformName: WINDOWS, proxy: Proxy(), setWindowRect: true, strictFileInteractability: false, timeouts: {implicit: 0, pageLoad: 300000, script: 30000}, unhandledPromptBehavior: dismiss and notify}
Session ID: cc9b32299a88796ffd0cedde80404eab
	at org.openqa.selenium.remote.http.W3CHttpResponseCodec.createException(W3CHttpResponseCodec.java:187)
	at org.openqa.selenium.remote.http.W3CHttpResponseCodec.decode(W3CHttpResponseCodec.java:122)
	at org.openqa.selenium.remote.http.W3CHttpResponseCodec.decode(W3CHttpResponseCodec.java:49)
	at org.openqa.selenium.remote.HttpCommandExecutor.execute(HttpCommandExecutor.java:158)
	at org.openqa.selenium.remote.service.DriverCommandExecutor.execute(DriverCommandExecutor.java:83)
	at org.openqa.selenium.remote.RemoteWebDriver.execute(RemoteWebDriver.java:552)
	at org.openqa.selenium.remote.RemoteWebElement.execute(RemoteWebElement.java:285)
	at org.openqa.selenium.remote.RemoteWebElement.click(RemoteWebElement.java:84)
	at com.PageObject.Base_Per_Capita.Category_Brand_to_Brand.Category_Brand_to_Brand_Details(Category_Brand_to_Brand.java:13)
	at com.TestCase.Base_Per_Capita_Report.Category_Brand_to_Brand_Report.Details(Category_Brand_to_Brand_Report.java:11)
	at com.intellij.rt.testng.IDEARemoteTestNG.run(IDEARemoteTestNG.java:66)
	at com.intellij.rt.testng.RemoteTestNGStarter.main(RemoteTestNGStarter.java:110)
... Removed 26 stack frames</div></td></tr></table><p class="totop"><a href="#summary">back to summary</a></p>
<h3 id="m2">com.TestCase.Core_Analysis.Top20_Brand_To_Brand_Report#Top20_Brand_To_Brand_Details</h3><table class="result"><tr><th>Exception</th></tr><tr><td><div class="stacktrace">org.openqa.selenium.ElementClickInterceptedException: element click intercepted: Element &lt;a href=&quot;javascript:void(0)&quot; class=&quot;has-ul legitRipple&quot;&gt;...&lt;/a&gt; is not clickable at point (115, 22). Other element would receive the click: &lt;img src=&quot;/images/left-sidebar-logo.png&quot;&gt;
  (Session info: chrome=80.0.3987.87)
Build info: version: &apos;3.141.59&apos;, revision: &apos;e82be7d358&apos;, time: &apos;2018-11-14T08:17:03&apos;
System info: host: &apos;ADMIN-PC&apos;, ip: &apos;192.168.11.105&apos;, os.name: &apos;Windows 7&apos;, os.arch: &apos;amd64&apos;, os.version: &apos;6.1&apos;, java.version: &apos;1.8.0_231&apos;
Driver info: org.openqa.selenium.chrome.ChromeDriver
Capabilities {acceptInsecureCerts: false, browserName: chrome, browserVersion: 80.0.3987.87, chrome: {chromedriverVersion: 79.0.3945.36 (3582db32b3389..., userDataDir: C:\Users\admin\AppData\Loca...}, goog:chromeOptions: {debuggerAddress: localhost:55273}, javascriptEnabled: true, networkConnectionEnabled: false, pageLoadStrategy: normal, platform: WINDOWS, platformName: WINDOWS, proxy: Proxy(), setWindowRect: true, strictFileInteractability: false, timeouts: {implicit: 0, pageLoad: 300000, script: 30000}, unhandledPromptBehavior: dismiss and notify}
Session ID: cc9b32299a88796ffd0cedde80404eab
	at org.openqa.selenium.remote.http.W3CHttpResponseCodec.createException(W3CHttpResponseCodec.java:187)
	at org.openqa.selenium.remote.http.W3CHttpResponseCodec.decode(W3CHttpResponseCodec.java:122)
	at org.openqa.selenium.remote.http.W3CHttpResponseCodec.decode(W3CHttpResponseCodec.java:49)
	at org.openqa.selenium.remote.HttpCommandExecutor.execute(HttpCommandExecutor.java:158)
	at org.openqa.selenium.remote.service.DriverCommandExecutor.execute(DriverCommandExecutor.java:83)
	at org.openqa.selenium.remote.RemoteWebDriver.execute(RemoteWebDriver.java:552)
	at org.openqa.selenium.remote.RemoteWebElement.execute(RemoteWebElement.java:285)
	at org.openqa.selenium.remote.RemoteWebElement.click(RemoteWebElement.java:84)
	at com.PageObject.Core_Analysis.Top20_Brand_To_Brand.Top20_Brand_To_Brand_Details_Report(Top20_Brand_To_Brand.java:13)
	at com.TestCase.Core_Analysis.Top20_Brand_To_Brand_Report.Top20_Brand_To_Brand_Details(Top20_Brand_To_Brand_Report.java:10)
	at com.intellij.rt.testng.IDEARemoteTestNG.run(IDEARemoteTestNG.java:66)
	at com.intellij.rt.testng.RemoteTestNGStarter.main(RemoteTestNGStarter.java:110)
... Removed 26 stack frames</div></td></tr></table><p class="totop"><a href="#summary">back to summary</a></p>
<h3 id="m3">com.TestCase.Dosage_And_Duration_Report.Category_Molecule_Brand_Strength_Report#Category_Molecule_Brand_Strength_Details</h3><table class="result"><tr><th>Exception</th></tr><tr><td><div class="stacktrace">org.openqa.selenium.ElementClickInterceptedException: element click intercepted: Element &lt;a href=&quot;javascript:void(0)&quot; class=&quot;has-ul legitRipple&quot;&gt;...&lt;/a&gt; is not clickable at point (115, 22). Other element would receive the click: &lt;img src=&quot;/images/left-sidebar-logo.png&quot;&gt;
  (Session info: chrome=80.0.3987.87)
Build info: version: &apos;3.141.59&apos;, revision: &apos;e82be7d358&apos;, time: &apos;2018-11-14T08:17:03&apos;
System info: host: &apos;ADMIN-PC&apos;, ip: &apos;192.168.11.105&apos;, os.name: &apos;Windows 7&apos;, os.arch: &apos;amd64&apos;, os.version: &apos;6.1&apos;, java.version: &apos;1.8.0_231&apos;
Driver info: org.openqa.selenium.chrome.ChromeDriver
Capabilities {acceptInsecureCerts: false, browserName: chrome, browserVersion: 80.0.3987.87, chrome: {chromedriverVersion: 79.0.3945.36 (3582db32b3389..., userDataDir: C:\Users\admin\AppData\Loca...}, goog:chromeOptions: {debuggerAddress: localhost:55273}, javascriptEnabled: true, networkConnectionEnabled: false, pageLoadStrategy: normal, platform: WINDOWS, platformName: WINDOWS, proxy: Proxy(), setWindowRect: true, strictFileInteractability: false, timeouts: {implicit: 0, pageLoad: 300000, script: 30000}, unhandledPromptBehavior: dismiss and notify}
Session ID: cc9b32299a88796ffd0cedde80404eab
	at org.openqa.selenium.remote.http.W3CHttpResponseCodec.createException(W3CHttpResponseCodec.java:187)
	at org.openqa.selenium.remote.http.W3CHttpResponseCodec.decode(W3CHttpResponseCodec.java:122)
	at org.openqa.selenium.remote.http.W3CHttpResponseCodec.decode(W3CHttpResponseCodec.java:49)
	at org.openqa.selenium.remote.HttpCommandExecutor.execute(HttpCommandExecutor.java:158)
	at org.openqa.selenium.remote.service.DriverCommandExecutor.execute(DriverCommandExecutor.java:83)
	at org.openqa.selenium.remote.RemoteWebDriver.execute(RemoteWebDriver.java:552)
	at org.openqa.selenium.remote.RemoteWebElement.execute(RemoteWebElement.java:285)
	at org.openqa.selenium.remote.RemoteWebElement.click(RemoteWebElement.java:84)
	at com.PageObject.Dosage_And_Duration.Category_Molecule_Brand_Strength.Category_Molecule_Brand_Strength_testcase(Category_Molecule_Brand_Strength.java:18)
	at com.TestCase.Dosage_And_Duration_Report.Category_Molecule_Brand_Strength_Report.Category_Molecule_Brand_Strength_Details(Category_Molecule_Brand_Strength_Report.java:10)
	at com.intellij.rt.testng.IDEARemoteTestNG.run(IDEARemoteTestNG.java:66)
	at com.intellij.rt.testng.RemoteTestNGStarter.main(RemoteTestNGStarter.java:110)
... Removed 26 stack frames</div></td></tr></table><p class="totop"><a href="#summary">back to summary</a></p>
<h3 id="m4">com.TestCase.Login.Login_TestCase#Without_Password</h3><table class="result"><tr><th>Exception</th></tr><tr><td><div class="stacktrace">java.lang.AssertionError: WithOut Password Successfully login...== expected [true] but found [false]
	at com.PageObject.LoginPage.Login.UserName(Login.java:58)
	at com.TestCase.Login.Login_TestCase.Without_Password(Login_TestCase.java:21)
	at com.intellij.rt.testng.IDEARemoteTestNG.run(IDEARemoteTestNG.java:66)
	at com.intellij.rt.testng.RemoteTestNGStarter.main(RemoteTestNGStarter.java:110)
... Removed 25 stack frames</div></td></tr></table><p class="totop"><a href="#summary">back to summary</a></p>
<h3 id="m5">com.TestCase.Login.Login_TestCase#Without_UserName</h3><table class="result"><tr><th>Exception</th></tr><tr><td><div class="stacktrace">java.lang.AssertionError: WithOut UserName Successfully login...== expected [true] but found [false]
	at com.PageObject.LoginPage.Login.Password_Data(Login.java:101)
	at com.TestCase.Login.Login_TestCase.Without_UserName(Login_TestCase.java:25)
	at com.intellij.rt.testng.IDEARemoteTestNG.run(IDEARemoteTestNG.java:66)
	at com.intellij.rt.testng.RemoteTestNGStarter.main(RemoteTestNGStarter.java:110)
... Removed 25 stack frames</div></td></tr></table><p class="totop"><a href="#summary">back to summary</a></p>
<h3 id="m6">com.TestCase.PDPC_Report.PDPC_Cat_BrdMol_Mol_Brnd_SKU_PAT_Set1#Categry_Mol</h3><table class="result"><tr><th>Exception</th></tr><tr><td><div class="stacktrace">org.openqa.selenium.ElementClickInterceptedException: element click intercepted: Element &lt;b class=&quot;caret&quot;&gt;&lt;/b&gt; is not clickable at point (1524, 8). Other element would receive the click: &lt;div class=&quot;navbar navbar-default header-highlight navbar-inverse bg-indigo navbar-fixed-top&quot;&gt;...&lt;/div&gt;
  (Session info: chrome=80.0.3987.87)
Build info: version: &apos;3.141.59&apos;, revision: &apos;e82be7d358&apos;, time: &apos;2018-11-14T08:17:03&apos;
System info: host: &apos;ADMIN-PC&apos;, ip: &apos;192.168.11.105&apos;, os.name: &apos;Windows 7&apos;, os.arch: &apos;amd64&apos;, os.version: &apos;6.1&apos;, java.version: &apos;1.8.0_231&apos;
Driver info: org.openqa.selenium.chrome.ChromeDriver
Capabilities {acceptInsecureCerts: false, browserName: chrome, browserVersion: 80.0.3987.87, chrome: {chromedriverVersion: 79.0.3945.36 (3582db32b3389..., userDataDir: C:\Users\admin\AppData\Loca...}, goog:chromeOptions: {debuggerAddress: localhost:55273}, javascriptEnabled: true, networkConnectionEnabled: false, pageLoadStrategy: normal, platform: WINDOWS, platformName: WINDOWS, proxy: Proxy(), setWindowRect: true, strictFileInteractability: false, timeouts: {implicit: 0, pageLoad: 300000, script: 30000}, unhandledPromptBehavior: dismiss and notify}
Session ID: cc9b32299a88796ffd0cedde80404eab
	at org.openqa.selenium.remote.http.W3CHttpResponseCodec.createException(W3CHttpResponseCodec.java:187)
	at org.openqa.selenium.remote.http.W3CHttpResponseCodec.decode(W3CHttpResponseCodec.java:122)
	at org.openqa.selenium.remote.http.W3CHttpResponseCodec.decode(W3CHttpResponseCodec.java:49)
	at org.openqa.selenium.remote.HttpCommandExecutor.execute(HttpCommandExecutor.java:158)
	at org.openqa.selenium.remote.service.DriverCommandExecutor.execute(DriverCommandExecutor.java:83)
	at org.openqa.selenium.remote.RemoteWebDriver.execute(RemoteWebDriver.java:552)
	at org.openqa.selenium.remote.RemoteWebElement.execute(RemoteWebElement.java:285)
	at org.openqa.selenium.remote.RemoteWebElement.click(RemoteWebElement.java:84)
	at com.PageObject.PDPC.Cat_BrdMol_Mol_Brnd_SKU_PAT_Set1_Report.Details(Cat_BrdMol_Mol_Brnd_SKU_PAT_Set1_Report.java:118)
	at com.TestCase.PDPC_Report.PDPC_Cat_BrdMol_Mol_Brnd_SKU_PAT_Set1.Categry_Mol(PDPC_Cat_BrdMol_Mol_Brnd_SKU_PAT_Set1.java:11)
	at com.intellij.rt.testng.IDEARemoteTestNG.run(IDEARemoteTestNG.java:66)
	at com.intellij.rt.testng.RemoteTestNGStarter.main(RemoteTestNGStarter.java:110)
... Removed 26 stack frames</div></td></tr></table><p class="totop"><a href="#summary">back to summary</a></p>
<h3 id="m7">com.TestCase.Product_1_2_Report.Category_Company_Division_Report#Details</h3><table class="result"><tr><th>Exception</th></tr><tr><td><div class="stacktrace">org.openqa.selenium.ElementClickInterceptedException: element click intercepted: Element &lt;a href=&quot;javascript:void(0)&quot; class=&quot;has-ul legitRipple&quot;&gt;...&lt;/a&gt; is not clickable at point (115, 22). Other element would receive the click: &lt;img src=&quot;/images/left-sidebar-logo.png&quot;&gt;
  (Session info: chrome=80.0.3987.87)
Build info: version: &apos;3.141.59&apos;, revision: &apos;e82be7d358&apos;, time: &apos;2018-11-14T08:17:03&apos;
System info: host: &apos;ADMIN-PC&apos;, ip: &apos;192.168.11.105&apos;, os.name: &apos;Windows 7&apos;, os.arch: &apos;amd64&apos;, os.version: &apos;6.1&apos;, java.version: &apos;1.8.0_231&apos;
Driver info: org.openqa.selenium.chrome.ChromeDriver
Capabilities {acceptInsecureCerts: false, browserName: chrome, browserVersion: 80.0.3987.87, chrome: {chromedriverVersion: 79.0.3945.36 (3582db32b3389..., userDataDir: C:\Users\admin\AppData\Loca...}, goog:chromeOptions: {debuggerAddress: localhost:55273}, javascriptEnabled: true, networkConnectionEnabled: false, pageLoadStrategy: normal, platform: WINDOWS, platformName: WINDOWS, proxy: Proxy(), setWindowRect: true, strictFileInteractability: false, timeouts: {implicit: 0, pageLoad: 300000, script: 30000}, unhandledPromptBehavior: dismiss and notify}
Session ID: cc9b32299a88796ffd0cedde80404eab
	at org.openqa.selenium.remote.http.W3CHttpResponseCodec.createException(W3CHttpResponseCodec.java:187)
	at org.openqa.selenium.remote.http.W3CHttpResponseCodec.decode(W3CHttpResponseCodec.java:122)
	at org.openqa.selenium.remote.http.W3CHttpResponseCodec.decode(W3CHttpResponseCodec.java:49)
	at org.openqa.selenium.remote.HttpCommandExecutor.execute(HttpCommandExecutor.java:158)
	at org.openqa.selenium.remote.service.DriverCommandExecutor.execute(DriverCommandExecutor.java:83)
	at org.openqa.selenium.remote.RemoteWebDriver.execute(RemoteWebDriver.java:552)
	at org.openqa.selenium.remote.RemoteWebElement.execute(RemoteWebElement.java:285)
	at org.openqa.selenium.remote.RemoteWebElement.click(RemoteWebElement.java:84)
	at com.PageObject.Product_1_2.Category_Company_Division.Category_Company_Details(Category_Company_Division.java:14)
	at com.TestCase.Product_1_2_Report.Category_Company_Division_Report.Details(Category_Company_Division_Report.java:10)
	at com.intellij.rt.testng.IDEARemoteTestNG.run(IDEARemoteTestNG.java:66)
	at com.intellij.rt.testng.RemoteTestNGStarter.main(RemoteTestNGStarter.java:110)
... Removed 26 stack frames</div></td></tr></table><p class="totop"><a href="#summary">back to summary</a></p>
<h3 id="m8">com.TestCase.RXER_Profile_Age_Report.RXER_Profile_Age_TestCase#details</h3><table class="result"><tr><th>Exception</th></tr><tr><td><div class="stacktrace">org.openqa.selenium.ElementClickInterceptedException: element click intercepted: Element &lt;a href=&quot;javascript:void(0)&quot; class=&quot;has-ul legitRipple&quot;&gt;...&lt;/a&gt; is not clickable at point (115, 22). Other element would receive the click: &lt;img src=&quot;/images/left-sidebar-logo.png&quot;&gt;
  (Session info: chrome=80.0.3987.87)
Build info: version: &apos;3.141.59&apos;, revision: &apos;e82be7d358&apos;, time: &apos;2018-11-14T08:17:03&apos;
System info: host: &apos;ADMIN-PC&apos;, ip: &apos;192.168.11.105&apos;, os.name: &apos;Windows 7&apos;, os.arch: &apos;amd64&apos;, os.version: &apos;6.1&apos;, java.version: &apos;1.8.0_231&apos;
Driver info: org.openqa.selenium.chrome.ChromeDriver
Capabilities {acceptInsecureCerts: false, browserName: chrome, browserVersion: 80.0.3987.87, chrome: {chromedriverVersion: 79.0.3945.36 (3582db32b3389..., userDataDir: C:\Users\admin\AppData\Loca...}, goog:chromeOptions: {debuggerAddress: localhost:55273}, javascriptEnabled: true, networkConnectionEnabled: false, pageLoadStrategy: normal, platform: WINDOWS, platformName: WINDOWS, proxy: Proxy(), setWindowRect: true, strictFileInteractability: false, timeouts: {implicit: 0, pageLoad: 300000, script: 30000}, unhandledPromptBehavior: dismiss and notify}
Session ID: cc9b32299a88796ffd0cedde80404eab
	at org.openqa.selenium.remote.http.W3CHttpResponseCodec.createException(W3CHttpResponseCodec.java:187)
	at org.openqa.selenium.remote.http.W3CHttpResponseCodec.decode(W3CHttpResponseCodec.java:122)
	at org.openqa.selenium.remote.http.W3CHttpResponseCodec.decode(W3CHttpResponseCodec.java:49)
	at org.openqa.selenium.remote.HttpCommandExecutor.execute(HttpCommandExecutor.java:158)
	at org.openqa.selenium.remote.service.DriverCommandExecutor.execute(DriverCommandExecutor.java:83)
	at org.openqa.selenium.remote.RemoteWebDriver.execute(RemoteWebDriver.java:552)
	at org.openqa.selenium.remote.RemoteWebElement.execute(RemoteWebElement.java:285)
	at org.openqa.selenium.remote.RemoteWebElement.click(RemoteWebElement.java:84)
	at com.PageObject.RXER_Profile_Age.RXER_Profile_Age.RXER_Profile_Age_Details(RXER_Profile_Age.java:20)
	at com.TestCase.RXER_Profile_Age_Report.RXER_Profile_Age_TestCase.details(RXER_Profile_Age_TestCase.java:11)
	at com.intellij.rt.testng.IDEARemoteTestNG.run(IDEARemoteTestNG.java:66)
	at com.intellij.rt.testng.RemoteTestNGStarter.main(RemoteTestNGStarter.java:110)
... Removed 26 stack frames</div></td></tr></table><p class="totop"><a href="#summary">back to summary</a></p>
<h3 id="m9">com.TestCase.Rpm_Report.Rpm_TestCase#details</h3><table class="result"><tr><th>Exception</th></tr><tr><td><div class="stacktrace">org.openqa.selenium.ElementClickInterceptedException: element click intercepted: Element &lt;a href=&quot;javascript:void(0)&quot; class=&quot;has-ul legitRipple&quot;&gt;...&lt;/a&gt; is not clickable at point (115, 22). Other element would receive the click: &lt;img src=&quot;/images/left-sidebar-logo.png&quot;&gt;
  (Session info: chrome=80.0.3987.87)
Build info: version: &apos;3.141.59&apos;, revision: &apos;e82be7d358&apos;, time: &apos;2018-11-14T08:17:03&apos;
System info: host: &apos;ADMIN-PC&apos;, ip: &apos;192.168.11.105&apos;, os.name: &apos;Windows 7&apos;, os.arch: &apos;amd64&apos;, os.version: &apos;6.1&apos;, java.version: &apos;1.8.0_231&apos;
Driver info: org.openqa.selenium.chrome.ChromeDriver
Capabilities {acceptInsecureCerts: false, browserName: chrome, browserVersion: 80.0.3987.87, chrome: {chromedriverVersion: 79.0.3945.36 (3582db32b3389..., userDataDir: C:\Users\admin\AppData\Loca...}, goog:chromeOptions: {debuggerAddress: localhost:55273}, javascriptEnabled: true, networkConnectionEnabled: false, pageLoadStrategy: normal, platform: WINDOWS, platformName: WINDOWS, proxy: Proxy(), setWindowRect: true, strictFileInteractability: false, timeouts: {implicit: 0, pageLoad: 300000, script: 30000}, unhandledPromptBehavior: dismiss and notify}
Session ID: cc9b32299a88796ffd0cedde80404eab
	at org.openqa.selenium.remote.http.W3CHttpResponseCodec.createException(W3CHttpResponseCodec.java:187)
	at org.openqa.selenium.remote.http.W3CHttpResponseCodec.decode(W3CHttpResponseCodec.java:122)
	at org.openqa.selenium.remote.http.W3CHttpResponseCodec.decode(W3CHttpResponseCodec.java:49)
	at org.openqa.selenium.remote.HttpCommandExecutor.execute(HttpCommandExecutor.java:158)
	at org.openqa.selenium.remote.service.DriverCommandExecutor.execute(DriverCommandExecutor.java:83)
	at org.openqa.selenium.remote.RemoteWebDriver.execute(RemoteWebDriver.java:552)
	at org.openqa.selenium.remote.RemoteWebElement.execute(RemoteWebElement.java:285)
	at org.openqa.selenium.remote.RemoteWebElement.click(RemoteWebElement.java:84)
	at com.PageObject.RPM.Rpm.Rpm_Tab_Click(Rpm.java:23)
	at com.TestCase.Rpm_Report.Rpm_TestCase.details(Rpm_TestCase.java:10)
	at com.intellij.rt.testng.IDEARemoteTestNG.run(IDEARemoteTestNG.java:66)
	at com.intellij.rt.testng.RemoteTestNGStarter.main(RemoteTestNGStarter.java:110)
... Removed 26 stack frames</div></td></tr></table><p class="totop"><a href="#summary">back to summary</a></p>
<h3 id="m10">com.TestCase.Trends_Report.Trend_Contibution_category_molecule_brand_Report#Trend_Contibution_category_molecule_brand_Details</h3><table class="result"><tr><th>Exception</th></tr><tr><td><div class="stacktrace">org.openqa.selenium.ElementClickInterceptedException: element click intercepted: Element &lt;a href=&quot;javascript:void(0)&quot; class=&quot;has-ul legitRipple&quot;&gt;...&lt;/a&gt; is not clickable at point (115, 22). Other element would receive the click: &lt;img src=&quot;/images/left-sidebar-logo.png&quot;&gt;
  (Session info: chrome=80.0.3987.87)
Build info: version: &apos;3.141.59&apos;, revision: &apos;e82be7d358&apos;, time: &apos;2018-11-14T08:17:03&apos;
System info: host: &apos;ADMIN-PC&apos;, ip: &apos;192.168.11.105&apos;, os.name: &apos;Windows 7&apos;, os.arch: &apos;amd64&apos;, os.version: &apos;6.1&apos;, java.version: &apos;1.8.0_231&apos;
Driver info: org.openqa.selenium.chrome.ChromeDriver
Capabilities {acceptInsecureCerts: false, browserName: chrome, browserVersion: 80.0.3987.87, chrome: {chromedriverVersion: 79.0.3945.36 (3582db32b3389..., userDataDir: C:\Users\admin\AppData\Loca...}, goog:chromeOptions: {debuggerAddress: localhost:55273}, javascriptEnabled: true, networkConnectionEnabled: false, pageLoadStrategy: normal, platform: WINDOWS, platformName: WINDOWS, proxy: Proxy(), setWindowRect: true, strictFileInteractability: false, timeouts: {implicit: 0, pageLoad: 300000, script: 30000}, unhandledPromptBehavior: dismiss and notify}
Session ID: cc9b32299a88796ffd0cedde80404eab
	at org.openqa.selenium.remote.http.W3CHttpResponseCodec.createException(W3CHttpResponseCodec.java:187)
	at org.openqa.selenium.remote.http.W3CHttpResponseCodec.decode(W3CHttpResponseCodec.java:122)
	at org.openqa.selenium.remote.http.W3CHttpResponseCodec.decode(W3CHttpResponseCodec.java:49)
	at org.openqa.selenium.remote.HttpCommandExecutor.execute(HttpCommandExecutor.java:158)
	at org.openqa.selenium.remote.service.DriverCommandExecutor.execute(DriverCommandExecutor.java:83)
	at org.openqa.selenium.remote.RemoteWebDriver.execute(RemoteWebDriver.java:552)
	at org.openqa.selenium.remote.RemoteWebElement.execute(RemoteWebElement.java:285)
	at org.openqa.selenium.remote.RemoteWebElement.click(RemoteWebElement.java:84)
	at com.PageObject.Trends.Trend_Contibution_category_molecule_brand.Trend_Contibution_category_molecule_brand_AllDetails(Trend_Contibution_category_molecule_brand.java:13)
	at com.TestCase.Trends_Report.Trend_Contibution_category_molecule_brand_Report.Trend_Contibution_category_molecule_brand_Details(Trend_Contibution_category_molecule_brand_Report.java:10)
	at com.intellij.rt.testng.IDEARemoteTestNG.run(IDEARemoteTestNG.java:66)
	at com.intellij.rt.testng.RemoteTestNGStarter.main(RemoteTestNGStarter.java:110)
... Removed 26 stack frames</div></td></tr></table><p class="totop"><a href="#summary">back to summary</a></p>
<h3 id="m11">com.TestCase.Login.Login_TestCase#Url_Hit</h3><table class="result"><tr><th class="invisible"/></tr></table><p class="totop"><a href="#summary">back to summary</a></p>
<h3 id="m12">com.TestCase.Login.Login_TestCase#With_Username_Password</h3><table class="result"><tr><th class="invisible"/></tr></table><p class="totop"><a href="#summary">back to summary</a></p>
<h3 id="m13">com.TestCase.Patient_Profile_Age.category_brand_custom_TestCase#brand_custom_TestCase</h3><table class="result"><tr><th class="invisible"/></tr></table><p class="totop"><a href="#summary">back to summary</a></p>
</body>
</html>
