<!DOCTYPE html>

<html>
  <head>
  <meta charset='utf-8'>
  <title>TestNG reports</title>

    <link type="text/css" href="testng-reports.css" rel="stylesheet" />
    <script type="text/javascript" src="jquery-1.7.1.min.js"></script>
    <script type="text/javascript" src="testng-reports.js"></script>
    <script type="text/javascript" src="https://www.google.com/jsapi"></script>
    <script type='text/javascript'>
      google.load('visualization', '1', {packages:['table']});
      google.setOnLoadCallback(drawTable);
      var suiteTableInitFunctions = new Array();
      var suiteTableData = new Array();
    </script>
    <!--
      <script type="text/javascript" src="jquery-ui/js/jquery-ui-1.8.16.custom.min.js"></script>
     -->
  </head>

  <body>
    <div class="top-banner-root">
      <span class="top-banner-title-font">Test results</span>
      <br/>
      <span class="top-banner-font-1">1 suite, 11 failed tests</span>
    </div> <!-- top-banner-root -->
    <div class="navigator-root">
      <div class="navigator-suite-header">
        <span>All suites</span>
        <a href="#" class="collapse-all-link" title="Collapse/expand all the suites">
          <img class="collapse-all-icon" src="collapseall.gif">
          </img> <!-- collapse-all-icon -->
        </a> <!-- collapse-all-link -->
      </div> <!-- navigator-suite-header -->
      <div class="suite">
        <div class="rounded-window">
          <div class="suite-header light-rounded-window-top">
            <a href="#" class="navigator-link" panel-name="suite-SMSRC">
              <span class="suite-name border-failed">SMSRC</span>
            </a> <!-- navigator-link -->
          </div> <!-- suite-header light-rounded-window-top -->
          <div class="navigator-suite-content">
            <div class="suite-section-title">
              <span>Info</span>
            </div> <!-- suite-section-title -->
            <div class="suite-section-content">
              <ul>
                <li>
                  <a href="#" class="navigator-link " panel-name="test-xml-SMSRC">
                    <span>D:\demo_smrc_com\TestNG.xml</span>
                  </a> <!-- navigator-link  -->
                </li>
                <li>
                  <a href="#" class="navigator-link " panel-name="testlist-SMSRC">
                    <span class="test-stats">1 test</span>
                  </a> <!-- navigator-link  -->
                </li>
                <li>
                  <a href="#" class="navigator-link " panel-name="group-SMSRC">
                    <span>0 groups</span>
                  </a> <!-- navigator-link  -->
                </li>
                <li>
                  <a href="#" class="navigator-link " panel-name="times-SMSRC">
                    <span>Times</span>
                  </a> <!-- navigator-link  -->
                </li>
                <li>
                  <a href="#" class="navigator-link " panel-name="reporter-SMSRC">
                    <span>Reporter output</span>
                  </a> <!-- navigator-link  -->
                </li>
                <li>
                  <a href="#" class="navigator-link " panel-name="ignored-methods-SMSRC">
                    <span>Ignored methods</span>
                  </a> <!-- navigator-link  -->
                </li>
                <li>
                  <a href="#" class="navigator-link " panel-name="chronological-SMSRC">
                    <span>Chronological view</span>
                  </a> <!-- navigator-link  -->
                </li>
              </ul>
            </div> <!-- suite-section-content -->
            <div class="result-section">
              <div class="suite-section-title">
                <span>Results</span>
              </div> <!-- suite-section-title -->
              <div class="suite-section-content">
                <ul>
                  <li>
                    <span class="method-stats">14 methods, 11 failed,   3 passed</span>
                  </li>
                  <li>
                    <span class="method-list-title failed">Failed methods</span>
                    <span class="show-or-hide-methods failed">
                      <a href="#" panel-name="suite-SMSRC" class="hide-methods failed suite-SMSRC"> (hide)</a> <!-- hide-methods failed suite-SMSRC -->
                      <a href="#" panel-name="suite-SMSRC" class="show-methods failed suite-SMSRC"> (show)</a> <!-- show-methods failed suite-SMSRC -->
                    </span>
                    <div class="method-list-content failed suite-SMSRC">
                      <span>
                        <img width="3%" src="failed.png"/>
                        <a href="#" class="method navigator-link" panel-name="suite-SMSRC" title="com.TestCase.Dosage_And_Duration_Report.Category_Molecule_Brand_Strength_Report" hash-for-method="Category_Molecule_Brand_Strength_Details">Category_Molecule_Brand_Strength_Details</a> <!-- method navigator-link -->
                      </span>
                      <br/>
                      <span>
                        <img width="3%" src="failed.png"/>
                        <a href="#" class="method navigator-link" panel-name="suite-SMSRC" title="com.TestCase.All_co_Rx_Report.Category_to_Category_Report" hash-for-method="Category_to_Category_Details">Category_to_Category_Details</a> <!-- method navigator-link -->
                      </span>
                      <br/>
                      <span>
                        <img width="3%" src="failed.png"/>
                        <a href="#" class="method navigator-link" panel-name="suite-SMSRC" title="com.TestCase.PDPC_Report.PDPC_Cat_BrdMol_Mol_Brnd_SKU_PAT_Set1" hash-for-method="Categry_Mol">Categry_Mol</a> <!-- method navigator-link -->
                      </span>
                      <br/>
                      <span>
                        <img width="3%" src="failed.png"/>
                        <a href="#" class="method navigator-link" panel-name="suite-SMSRC" title="com.TestCase.Base_Per_Capita_Report.Category_Brand_to_Brand_Report" hash-for-method="Details">Details</a> <!-- method navigator-link -->
                      </span>
                      <br/>
                      <span>
                        <img width="3%" src="failed.png"/>
                        <a href="#" class="method navigator-link" panel-name="suite-SMSRC" title="com.TestCase.Product_1_2_Report.Category_Company_Division_Report" hash-for-method="Details">Details</a> <!-- method navigator-link -->
                      </span>
                      <br/>
                      <span>
                        <img width="3%" src="failed.png"/>
                        <a href="#" class="method navigator-link" panel-name="suite-SMSRC" title="com.TestCase.Core_Analysis.Top20_Brand_To_Brand_Report" hash-for-method="Top20_Brand_To_Brand_Details">Top20_Brand_To_Brand_Details</a> <!-- method navigator-link -->
                      </span>
                      <br/>
                      <span>
                        <img width="3%" src="failed.png"/>
                        <a href="#" class="method navigator-link" panel-name="suite-SMSRC" title="com.TestCase.Trends_Report.Trend_Contibution_category_molecule_brand_Report" hash-for-method="Trend_Contibution_category_molecule_brand_Details">Trend_Contibution_category_molecule_brand_Details</a> <!-- method navigator-link -->
                      </span>
                      <br/>
                      <span>
                        <img width="3%" src="failed.png"/>
                        <a href="#" class="method navigator-link" panel-name="suite-SMSRC" title="com.TestCase.Login.Login_TestCase" hash-for-method="Without_Password">Without_Password</a> <!-- method navigator-link -->
                      </span>
                      <br/>
                      <span>
                        <img width="3%" src="failed.png"/>
                        <a href="#" class="method navigator-link" panel-name="suite-SMSRC" title="com.TestCase.Login.Login_TestCase" hash-for-method="Without_UserName">Without_UserName</a> <!-- method navigator-link -->
                      </span>
                      <br/>
                      <span>
                        <img width="3%" src="failed.png"/>
                        <a href="#" class="method navigator-link" panel-name="suite-SMSRC" title="com.TestCase.RXER_Profile_Age_Report.RXER_Profile_Age_TestCase" hash-for-method="details">details</a> <!-- method navigator-link -->
                      </span>
                      <br/>
                      <span>
                        <img width="3%" src="failed.png"/>
                        <a href="#" class="method navigator-link" panel-name="suite-SMSRC" title="com.TestCase.Rpm_Report.Rpm_TestCase" hash-for-method="details">details</a> <!-- method navigator-link -->
                      </span>
                      <br/>
                    </div> <!-- method-list-content failed suite-SMSRC -->
                  </li>
                  <li>
                    <span class="method-list-title passed">Passed methods</span>
                    <span class="show-or-hide-methods passed">
                      <a href="#" panel-name="suite-SMSRC" class="hide-methods passed suite-SMSRC"> (hide)</a> <!-- hide-methods passed suite-SMSRC -->
                      <a href="#" panel-name="suite-SMSRC" class="show-methods passed suite-SMSRC"> (show)</a> <!-- show-methods passed suite-SMSRC -->
                    </span>
                    <div class="method-list-content passed suite-SMSRC">
                      <span>
                        <img width="3%" src="passed.png"/>
                        <a href="#" class="method navigator-link" panel-name="suite-SMSRC" title="com.TestCase.Login.Login_TestCase" hash-for-method="Url_Hit">Url_Hit</a> <!-- method navigator-link -->
                      </span>
                      <br/>
                      <span>
                        <img width="3%" src="passed.png"/>
                        <a href="#" class="method navigator-link" panel-name="suite-SMSRC" title="com.TestCase.Login.Login_TestCase" hash-for-method="With_Username_Password">With_Username_Password</a> <!-- method navigator-link -->
                      </span>
                      <br/>
                      <span>
                        <img width="3%" src="passed.png"/>
                        <a href="#" class="method navigator-link" panel-name="suite-SMSRC" title="com.TestCase.Patient_Profile_Age.category_brand_custom_TestCase" hash-for-method="brand_custom_TestCase">brand_custom_TestCase</a> <!-- method navigator-link -->
                      </span>
                      <br/>
                    </div> <!-- method-list-content passed suite-SMSRC -->
                  </li>
                </ul>
              </div> <!-- suite-section-content -->
            </div> <!-- result-section -->
          </div> <!-- navigator-suite-content -->
        </div> <!-- rounded-window -->
      </div> <!-- suite -->
    </div> <!-- navigator-root -->
    <div class="wrapper">
      <div class="main-panel-root">
        <div panel-name="suite-SMSRC" class="panel SMSRC">
          <div class="suite-SMSRC-class-failed">
            <div class="main-panel-header rounded-window-top">
              <img src="failed.png"/>
              <span class="class-name">com.TestCase.RXER_Profile_Age_Report.RXER_Profile_Age_TestCase</span>
            </div> <!-- main-panel-header rounded-window-top -->
            <div class="main-panel-content rounded-window-bottom">
              <div class="method">
                <div class="method-content">
                  <a name="details">
                  </a> <!-- details -->
                  <span class="method-name">details</span>
                  <div class="stack-trace">org.openqa.selenium.ElementClickInterceptedException: element click intercepted: Element &lt;a href=&quot;javascript:void(0)&quot; class=&quot;has-ul legitRipple&quot;&gt;...&lt;/a&gt; is not clickable at point (115, 22). Other element would receive the click: &lt;img src=&quot;/images/left-sidebar-logo.png&quot;&gt;
  (Session info: chrome=80.0.3987.87)
Build info: version: &apos;3.141.59&apos;, revision: &apos;e82be7d358&apos;, time: &apos;2018-11-14T08:17:03&apos;
System info: host: &apos;ADMIN-PC&apos;, ip: &apos;192.168.11.105&apos;, os.name: &apos;Windows 7&apos;, os.arch: &apos;amd64&apos;, os.version: &apos;6.1&apos;, java.version: &apos;1.8.0_231&apos;
Driver info: org.openqa.selenium.chrome.ChromeDriver
Capabilities {acceptInsecureCerts: false, browserName: chrome, browserVersion: 80.0.3987.87, chrome: {chromedriverVersion: 79.0.3945.36 (3582db32b3389..., userDataDir: C:\Users\admin\AppData\Loca...}, goog:chromeOptions: {debuggerAddress: localhost:55273}, javascriptEnabled: true, networkConnectionEnabled: false, pageLoadStrategy: normal, platform: WINDOWS, platformName: WINDOWS, proxy: Proxy(), setWindowRect: true, strictFileInteractability: false, timeouts: {implicit: 0, pageLoad: 300000, script: 30000}, unhandledPromptBehavior: dismiss and notify}
Session ID: cc9b32299a88796ffd0cedde80404eab
	at org.openqa.selenium.remote.http.W3CHttpResponseCodec.createException(W3CHttpResponseCodec.java:187)
	at org.openqa.selenium.remote.http.W3CHttpResponseCodec.decode(W3CHttpResponseCodec.java:122)
	at org.openqa.selenium.remote.http.W3CHttpResponseCodec.decode(W3CHttpResponseCodec.java:49)
	at org.openqa.selenium.remote.HttpCommandExecutor.execute(HttpCommandExecutor.java:158)
	at org.openqa.selenium.remote.service.DriverCommandExecutor.execute(DriverCommandExecutor.java:83)
	at org.openqa.selenium.remote.RemoteWebDriver.execute(RemoteWebDriver.java:552)
	at org.openqa.selenium.remote.RemoteWebElement.execute(RemoteWebElement.java:285)
	at org.openqa.selenium.remote.RemoteWebElement.click(RemoteWebElement.java:84)
	at com.PageObject.RXER_Profile_Age.RXER_Profile_Age.RXER_Profile_Age_Details(RXER_Profile_Age.java:20)
	at com.TestCase.RXER_Profile_Age_Report.RXER_Profile_Age_TestCase.details(RXER_Profile_Age_TestCase.java:11)
	at com.intellij.rt.testng.IDEARemoteTestNG.run(IDEARemoteTestNG.java:66)
	at com.intellij.rt.testng.RemoteTestNGStarter.main(RemoteTestNGStarter.java:110)
... Removed 26 stack frames
</div> <!-- stack-trace -->
                </div> <!-- method-content -->
              </div> <!-- method -->
            </div> <!-- main-panel-content rounded-window-bottom -->
          </div> <!-- suite-SMSRC-class-failed -->
          <div class="suite-SMSRC-class-failed">
            <div class="main-panel-header rounded-window-top">
              <img src="failed.png"/>
              <span class="class-name">com.TestCase.Product_1_2_Report.Category_Company_Division_Report</span>
            </div> <!-- main-panel-header rounded-window-top -->
            <div class="main-panel-content rounded-window-bottom">
              <div class="method">
                <div class="method-content">
                  <a name="Details">
                  </a> <!-- Details -->
                  <span class="method-name">Details</span>
                  <div class="stack-trace">org.openqa.selenium.ElementClickInterceptedException: element click intercepted: Element &lt;a href=&quot;javascript:void(0)&quot; class=&quot;has-ul legitRipple&quot;&gt;...&lt;/a&gt; is not clickable at point (115, 22). Other element would receive the click: &lt;img src=&quot;/images/left-sidebar-logo.png&quot;&gt;
  (Session info: chrome=80.0.3987.87)
Build info: version: &apos;3.141.59&apos;, revision: &apos;e82be7d358&apos;, time: &apos;2018-11-14T08:17:03&apos;
System info: host: &apos;ADMIN-PC&apos;, ip: &apos;192.168.11.105&apos;, os.name: &apos;Windows 7&apos;, os.arch: &apos;amd64&apos;, os.version: &apos;6.1&apos;, java.version: &apos;1.8.0_231&apos;
Driver info: org.openqa.selenium.chrome.ChromeDriver
Capabilities {acceptInsecureCerts: false, browserName: chrome, browserVersion: 80.0.3987.87, chrome: {chromedriverVersion: 79.0.3945.36 (3582db32b3389..., userDataDir: C:\Users\admin\AppData\Loca...}, goog:chromeOptions: {debuggerAddress: localhost:55273}, javascriptEnabled: true, networkConnectionEnabled: false, pageLoadStrategy: normal, platform: WINDOWS, platformName: WINDOWS, proxy: Proxy(), setWindowRect: true, strictFileInteractability: false, timeouts: {implicit: 0, pageLoad: 300000, script: 30000}, unhandledPromptBehavior: dismiss and notify}
Session ID: cc9b32299a88796ffd0cedde80404eab
	at org.openqa.selenium.remote.http.W3CHttpResponseCodec.createException(W3CHttpResponseCodec.java:187)
	at org.openqa.selenium.remote.http.W3CHttpResponseCodec.decode(W3CHttpResponseCodec.java:122)
	at org.openqa.selenium.remote.http.W3CHttpResponseCodec.decode(W3CHttpResponseCodec.java:49)
	at org.openqa.selenium.remote.HttpCommandExecutor.execute(HttpCommandExecutor.java:158)
	at org.openqa.selenium.remote.service.DriverCommandExecutor.execute(DriverCommandExecutor.java:83)
	at org.openqa.selenium.remote.RemoteWebDriver.execute(RemoteWebDriver.java:552)
	at org.openqa.selenium.remote.RemoteWebElement.execute(RemoteWebElement.java:285)
	at org.openqa.selenium.remote.RemoteWebElement.click(RemoteWebElement.java:84)
	at com.PageObject.Product_1_2.Category_Company_Division.Category_Company_Details(Category_Company_Division.java:14)
	at com.TestCase.Product_1_2_Report.Category_Company_Division_Report.Details(Category_Company_Division_Report.java:10)
	at com.intellij.rt.testng.IDEARemoteTestNG.run(IDEARemoteTestNG.java:66)
	at com.intellij.rt.testng.RemoteTestNGStarter.main(RemoteTestNGStarter.java:110)
... Removed 26 stack frames
</div> <!-- stack-trace -->
                </div> <!-- method-content -->
              </div> <!-- method -->
            </div> <!-- main-panel-content rounded-window-bottom -->
          </div> <!-- suite-SMSRC-class-failed -->
          <div class="suite-SMSRC-class-failed">
            <div class="main-panel-header rounded-window-top">
              <img src="failed.png"/>
              <span class="class-name">com.TestCase.Dosage_And_Duration_Report.Category_Molecule_Brand_Strength_Report</span>
            </div> <!-- main-panel-header rounded-window-top -->
            <div class="main-panel-content rounded-window-bottom">
              <div class="method">
                <div class="method-content">
                  <a name="Category_Molecule_Brand_Strength_Details">
                  </a> <!-- Category_Molecule_Brand_Strength_Details -->
                  <span class="method-name">Category_Molecule_Brand_Strength_Details</span>
                  <div class="stack-trace">org.openqa.selenium.ElementClickInterceptedException: element click intercepted: Element &lt;a href=&quot;javascript:void(0)&quot; class=&quot;has-ul legitRipple&quot;&gt;...&lt;/a&gt; is not clickable at point (115, 22). Other element would receive the click: &lt;img src=&quot;/images/left-sidebar-logo.png&quot;&gt;
  (Session info: chrome=80.0.3987.87)
Build info: version: &apos;3.141.59&apos;, revision: &apos;e82be7d358&apos;, time: &apos;2018-11-14T08:17:03&apos;
System info: host: &apos;ADMIN-PC&apos;, ip: &apos;192.168.11.105&apos;, os.name: &apos;Windows 7&apos;, os.arch: &apos;amd64&apos;, os.version: &apos;6.1&apos;, java.version: &apos;1.8.0_231&apos;
Driver info: org.openqa.selenium.chrome.ChromeDriver
Capabilities {acceptInsecureCerts: false, browserName: chrome, browserVersion: 80.0.3987.87, chrome: {chromedriverVersion: 79.0.3945.36 (3582db32b3389..., userDataDir: C:\Users\admin\AppData\Loca...}, goog:chromeOptions: {debuggerAddress: localhost:55273}, javascriptEnabled: true, networkConnectionEnabled: false, pageLoadStrategy: normal, platform: WINDOWS, platformName: WINDOWS, proxy: Proxy(), setWindowRect: true, strictFileInteractability: false, timeouts: {implicit: 0, pageLoad: 300000, script: 30000}, unhandledPromptBehavior: dismiss and notify}
Session ID: cc9b32299a88796ffd0cedde80404eab
	at org.openqa.selenium.remote.http.W3CHttpResponseCodec.createException(W3CHttpResponseCodec.java:187)
	at org.openqa.selenium.remote.http.W3CHttpResponseCodec.decode(W3CHttpResponseCodec.java:122)
	at org.openqa.selenium.remote.http.W3CHttpResponseCodec.decode(W3CHttpResponseCodec.java:49)
	at org.openqa.selenium.remote.HttpCommandExecutor.execute(HttpCommandExecutor.java:158)
	at org.openqa.selenium.remote.service.DriverCommandExecutor.execute(DriverCommandExecutor.java:83)
	at org.openqa.selenium.remote.RemoteWebDriver.execute(RemoteWebDriver.java:552)
	at org.openqa.selenium.remote.RemoteWebElement.execute(RemoteWebElement.java:285)
	at org.openqa.selenium.remote.RemoteWebElement.click(RemoteWebElement.java:84)
	at com.PageObject.Dosage_And_Duration.Category_Molecule_Brand_Strength.Category_Molecule_Brand_Strength_testcase(Category_Molecule_Brand_Strength.java:18)
	at com.TestCase.Dosage_And_Duration_Report.Category_Molecule_Brand_Strength_Report.Category_Molecule_Brand_Strength_Details(Category_Molecule_Brand_Strength_Report.java:10)
	at com.intellij.rt.testng.IDEARemoteTestNG.run(IDEARemoteTestNG.java:66)
	at com.intellij.rt.testng.RemoteTestNGStarter.main(RemoteTestNGStarter.java:110)
... Removed 26 stack frames
</div> <!-- stack-trace -->
                </div> <!-- method-content -->
              </div> <!-- method -->
            </div> <!-- main-panel-content rounded-window-bottom -->
          </div> <!-- suite-SMSRC-class-failed -->
          <div class="suite-SMSRC-class-failed">
            <div class="main-panel-header rounded-window-top">
              <img src="failed.png"/>
              <span class="class-name">com.TestCase.Trends_Report.Trend_Contibution_category_molecule_brand_Report</span>
            </div> <!-- main-panel-header rounded-window-top -->
            <div class="main-panel-content rounded-window-bottom">
              <div class="method">
                <div class="method-content">
                  <a name="Trend_Contibution_category_molecule_brand_Details">
                  </a> <!-- Trend_Contibution_category_molecule_brand_Details -->
                  <span class="method-name">Trend_Contibution_category_molecule_brand_Details</span>
                  <div class="stack-trace">org.openqa.selenium.ElementClickInterceptedException: element click intercepted: Element &lt;a href=&quot;javascript:void(0)&quot; class=&quot;has-ul legitRipple&quot;&gt;...&lt;/a&gt; is not clickable at point (115, 22). Other element would receive the click: &lt;img src=&quot;/images/left-sidebar-logo.png&quot;&gt;
  (Session info: chrome=80.0.3987.87)
Build info: version: &apos;3.141.59&apos;, revision: &apos;e82be7d358&apos;, time: &apos;2018-11-14T08:17:03&apos;
System info: host: &apos;ADMIN-PC&apos;, ip: &apos;192.168.11.105&apos;, os.name: &apos;Windows 7&apos;, os.arch: &apos;amd64&apos;, os.version: &apos;6.1&apos;, java.version: &apos;1.8.0_231&apos;
Driver info: org.openqa.selenium.chrome.ChromeDriver
Capabilities {acceptInsecureCerts: false, browserName: chrome, browserVersion: 80.0.3987.87, chrome: {chromedriverVersion: 79.0.3945.36 (3582db32b3389..., userDataDir: C:\Users\admin\AppData\Loca...}, goog:chromeOptions: {debuggerAddress: localhost:55273}, javascriptEnabled: true, networkConnectionEnabled: false, pageLoadStrategy: normal, platform: WINDOWS, platformName: WINDOWS, proxy: Proxy(), setWindowRect: true, strictFileInteractability: false, timeouts: {implicit: 0, pageLoad: 300000, script: 30000}, unhandledPromptBehavior: dismiss and notify}
Session ID: cc9b32299a88796ffd0cedde80404eab
	at org.openqa.selenium.remote.http.W3CHttpResponseCodec.createException(W3CHttpResponseCodec.java:187)
	at org.openqa.selenium.remote.http.W3CHttpResponseCodec.decode(W3CHttpResponseCodec.java:122)
	at org.openqa.selenium.remote.http.W3CHttpResponseCodec.decode(W3CHttpResponseCodec.java:49)
	at org.openqa.selenium.remote.HttpCommandExecutor.execute(HttpCommandExecutor.java:158)
	at org.openqa.selenium.remote.service.DriverCommandExecutor.execute(DriverCommandExecutor.java:83)
	at org.openqa.selenium.remote.RemoteWebDriver.execute(RemoteWebDriver.java:552)
	at org.openqa.selenium.remote.RemoteWebElement.execute(RemoteWebElement.java:285)
	at org.openqa.selenium.remote.RemoteWebElement.click(RemoteWebElement.java:84)
	at com.PageObject.Trends.Trend_Contibution_category_molecule_brand.Trend_Contibution_category_molecule_brand_AllDetails(Trend_Contibution_category_molecule_brand.java:13)
	at com.TestCase.Trends_Report.Trend_Contibution_category_molecule_brand_Report.Trend_Contibution_category_molecule_brand_Details(Trend_Contibution_category_molecule_brand_Report.java:10)
	at com.intellij.rt.testng.IDEARemoteTestNG.run(IDEARemoteTestNG.java:66)
	at com.intellij.rt.testng.RemoteTestNGStarter.main(RemoteTestNGStarter.java:110)
... Removed 26 stack frames
</div> <!-- stack-trace -->
                </div> <!-- method-content -->
              </div> <!-- method -->
            </div> <!-- main-panel-content rounded-window-bottom -->
          </div> <!-- suite-SMSRC-class-failed -->
          <div class="suite-SMSRC-class-failed">
            <div class="main-panel-header rounded-window-top">
              <img src="failed.png"/>
              <span class="class-name">com.TestCase.Rpm_Report.Rpm_TestCase</span>
            </div> <!-- main-panel-header rounded-window-top -->
            <div class="main-panel-content rounded-window-bottom">
              <div class="method">
                <div class="method-content">
                  <a name="details">
                  </a> <!-- details -->
                  <span class="method-name">details</span>
                  <div class="stack-trace">org.openqa.selenium.ElementClickInterceptedException: element click intercepted: Element &lt;a href=&quot;javascript:void(0)&quot; class=&quot;has-ul legitRipple&quot;&gt;...&lt;/a&gt; is not clickable at point (115, 22). Other element would receive the click: &lt;img src=&quot;/images/left-sidebar-logo.png&quot;&gt;
  (Session info: chrome=80.0.3987.87)
Build info: version: &apos;3.141.59&apos;, revision: &apos;e82be7d358&apos;, time: &apos;2018-11-14T08:17:03&apos;
System info: host: &apos;ADMIN-PC&apos;, ip: &apos;192.168.11.105&apos;, os.name: &apos;Windows 7&apos;, os.arch: &apos;amd64&apos;, os.version: &apos;6.1&apos;, java.version: &apos;1.8.0_231&apos;
Driver info: org.openqa.selenium.chrome.ChromeDriver
Capabilities {acceptInsecureCerts: false, browserName: chrome, browserVersion: 80.0.3987.87, chrome: {chromedriverVersion: 79.0.3945.36 (3582db32b3389..., userDataDir: C:\Users\admin\AppData\Loca...}, goog:chromeOptions: {debuggerAddress: localhost:55273}, javascriptEnabled: true, networkConnectionEnabled: false, pageLoadStrategy: normal, platform: WINDOWS, platformName: WINDOWS, proxy: Proxy(), setWindowRect: true, strictFileInteractability: false, timeouts: {implicit: 0, pageLoad: 300000, script: 30000}, unhandledPromptBehavior: dismiss and notify}
Session ID: cc9b32299a88796ffd0cedde80404eab
	at org.openqa.selenium.remote.http.W3CHttpResponseCodec.createException(W3CHttpResponseCodec.java:187)
	at org.openqa.selenium.remote.http.W3CHttpResponseCodec.decode(W3CHttpResponseCodec.java:122)
	at org.openqa.selenium.remote.http.W3CHttpResponseCodec.decode(W3CHttpResponseCodec.java:49)
	at org.openqa.selenium.remote.HttpCommandExecutor.execute(HttpCommandExecutor.java:158)
	at org.openqa.selenium.remote.service.DriverCommandExecutor.execute(DriverCommandExecutor.java:83)
	at org.openqa.selenium.remote.RemoteWebDriver.execute(RemoteWebDriver.java:552)
	at org.openqa.selenium.remote.RemoteWebElement.execute(RemoteWebElement.java:285)
	at org.openqa.selenium.remote.RemoteWebElement.click(RemoteWebElement.java:84)
	at com.PageObject.RPM.Rpm.Rpm_Tab_Click(Rpm.java:23)
	at com.TestCase.Rpm_Report.Rpm_TestCase.details(Rpm_TestCase.java:10)
	at com.intellij.rt.testng.IDEARemoteTestNG.run(IDEARemoteTestNG.java:66)
	at com.intellij.rt.testng.RemoteTestNGStarter.main(RemoteTestNGStarter.java:110)
... Removed 26 stack frames
</div> <!-- stack-trace -->
                </div> <!-- method-content -->
              </div> <!-- method -->
            </div> <!-- main-panel-content rounded-window-bottom -->
          </div> <!-- suite-SMSRC-class-failed -->
          <div class="suite-SMSRC-class-failed">
            <div class="main-panel-header rounded-window-top">
              <img src="failed.png"/>
              <span class="class-name">com.TestCase.All_co_Rx_Report.Category_to_Category_Report</span>
            </div> <!-- main-panel-header rounded-window-top -->
            <div class="main-panel-content rounded-window-bottom">
              <div class="method">
                <div class="method-content">
                  <a name="Category_to_Category_Details">
                  </a> <!-- Category_to_Category_Details -->
                  <span class="method-name">Category_to_Category_Details</span>
                  <div class="stack-trace">org.openqa.selenium.ElementClickInterceptedException: element click intercepted: Element &lt;a href=&quot;javascript:void(0)&quot; class=&quot;has-ul legitRipple&quot;&gt;...&lt;/a&gt; is not clickable at point (115, 22). Other element would receive the click: &lt;img src=&quot;/images/left-sidebar-logo.png&quot;&gt;
  (Session info: chrome=80.0.3987.87)
Build info: version: &apos;3.141.59&apos;, revision: &apos;e82be7d358&apos;, time: &apos;2018-11-14T08:17:03&apos;
System info: host: &apos;ADMIN-PC&apos;, ip: &apos;192.168.11.105&apos;, os.name: &apos;Windows 7&apos;, os.arch: &apos;amd64&apos;, os.version: &apos;6.1&apos;, java.version: &apos;1.8.0_231&apos;
Driver info: org.openqa.selenium.chrome.ChromeDriver
Capabilities {acceptInsecureCerts: false, browserName: chrome, browserVersion: 80.0.3987.87, chrome: {chromedriverVersion: 79.0.3945.36 (3582db32b3389..., userDataDir: C:\Users\admin\AppData\Loca...}, goog:chromeOptions: {debuggerAddress: localhost:55273}, javascriptEnabled: true, networkConnectionEnabled: false, pageLoadStrategy: normal, platform: WINDOWS, platformName: WINDOWS, proxy: Proxy(), setWindowRect: true, strictFileInteractability: false, timeouts: {implicit: 0, pageLoad: 300000, script: 30000}, unhandledPromptBehavior: dismiss and notify}
Session ID: cc9b32299a88796ffd0cedde80404eab
	at org.openqa.selenium.remote.http.W3CHttpResponseCodec.createException(W3CHttpResponseCodec.java:187)
	at org.openqa.selenium.remote.http.W3CHttpResponseCodec.decode(W3CHttpResponseCodec.java:122)
	at org.openqa.selenium.remote.http.W3CHttpResponseCodec.decode(W3CHttpResponseCodec.java:49)
	at org.openqa.selenium.remote.HttpCommandExecutor.execute(HttpCommandExecutor.java:158)
	at org.openqa.selenium.remote.service.DriverCommandExecutor.execute(DriverCommandExecutor.java:83)
	at org.openqa.selenium.remote.RemoteWebDriver.execute(RemoteWebDriver.java:552)
	at org.openqa.selenium.remote.RemoteWebElement.execute(RemoteWebElement.java:285)
	at org.openqa.selenium.remote.RemoteWebElement.click(RemoteWebElement.java:84)
	at com.PageObject.All_Co_Rx.Category_to_Category.Category_Details(Category_to_Category.java:13)
	at com.TestCase.All_co_Rx_Report.Category_to_Category_Report.Category_to_Category_Details(Category_to_Category_Report.java:10)
	at com.intellij.rt.testng.IDEARemoteTestNG.run(IDEARemoteTestNG.java:66)
	at com.intellij.rt.testng.RemoteTestNGStarter.main(RemoteTestNGStarter.java:110)
... Removed 26 stack frames
</div> <!-- stack-trace -->
                </div> <!-- method-content -->
              </div> <!-- method -->
            </div> <!-- main-panel-content rounded-window-bottom -->
          </div> <!-- suite-SMSRC-class-failed -->
          <div class="suite-SMSRC-class-failed">
            <div class="main-panel-header rounded-window-top">
              <img src="failed.png"/>
              <span class="class-name">com.TestCase.Login.Login_TestCase</span>
            </div> <!-- main-panel-header rounded-window-top -->
            <div class="main-panel-content rounded-window-bottom">
              <div class="method">
                <div class="method-content">
                  <a name="Without_Password">
                  </a> <!-- Without_Password -->
                  <span class="method-name">Without_Password</span>
                  <div class="stack-trace">java.lang.AssertionError: WithOut Password Successfully login...== expected [true] but found [false]
	at com.PageObject.LoginPage.Login.UserName(Login.java:58)
	at com.TestCase.Login.Login_TestCase.Without_Password(Login_TestCase.java:21)
	at com.intellij.rt.testng.IDEARemoteTestNG.run(IDEARemoteTestNG.java:66)
	at com.intellij.rt.testng.RemoteTestNGStarter.main(RemoteTestNGStarter.java:110)
... Removed 25 stack frames
</div> <!-- stack-trace -->
                </div> <!-- method-content -->
              </div> <!-- method -->
              <div class="method">
                <div class="method-content">
                  <a name="Without_UserName">
                  </a> <!-- Without_UserName -->
                  <span class="method-name">Without_UserName</span>
                  <div class="stack-trace">java.lang.AssertionError: WithOut UserName Successfully login...== expected [true] but found [false]
	at com.PageObject.LoginPage.Login.Password_Data(Login.java:101)
	at com.TestCase.Login.Login_TestCase.Without_UserName(Login_TestCase.java:25)
	at com.intellij.rt.testng.IDEARemoteTestNG.run(IDEARemoteTestNG.java:66)
	at com.intellij.rt.testng.RemoteTestNGStarter.main(RemoteTestNGStarter.java:110)
... Removed 25 stack frames
</div> <!-- stack-trace -->
                </div> <!-- method-content -->
              </div> <!-- method -->
            </div> <!-- main-panel-content rounded-window-bottom -->
          </div> <!-- suite-SMSRC-class-failed -->
          <div class="suite-SMSRC-class-failed">
            <div class="main-panel-header rounded-window-top">
              <img src="failed.png"/>
              <span class="class-name">com.TestCase.Core_Analysis.Top20_Brand_To_Brand_Report</span>
            </div> <!-- main-panel-header rounded-window-top -->
            <div class="main-panel-content rounded-window-bottom">
              <div class="method">
                <div class="method-content">
                  <a name="Top20_Brand_To_Brand_Details">
                  </a> <!-- Top20_Brand_To_Brand_Details -->
                  <span class="method-name">Top20_Brand_To_Brand_Details</span>
                  <div class="stack-trace">org.openqa.selenium.ElementClickInterceptedException: element click intercepted: Element &lt;a href=&quot;javascript:void(0)&quot; class=&quot;has-ul legitRipple&quot;&gt;...&lt;/a&gt; is not clickable at point (115, 22). Other element would receive the click: &lt;img src=&quot;/images/left-sidebar-logo.png&quot;&gt;
  (Session info: chrome=80.0.3987.87)
Build info: version: &apos;3.141.59&apos;, revision: &apos;e82be7d358&apos;, time: &apos;2018-11-14T08:17:03&apos;
System info: host: &apos;ADMIN-PC&apos;, ip: &apos;192.168.11.105&apos;, os.name: &apos;Windows 7&apos;, os.arch: &apos;amd64&apos;, os.version: &apos;6.1&apos;, java.version: &apos;1.8.0_231&apos;
Driver info: org.openqa.selenium.chrome.ChromeDriver
Capabilities {acceptInsecureCerts: false, browserName: chrome, browserVersion: 80.0.3987.87, chrome: {chromedriverVersion: 79.0.3945.36 (3582db32b3389..., userDataDir: C:\Users\admin\AppData\Loca...}, goog:chromeOptions: {debuggerAddress: localhost:55273}, javascriptEnabled: true, networkConnectionEnabled: false, pageLoadStrategy: normal, platform: WINDOWS, platformName: WINDOWS, proxy: Proxy(), setWindowRect: true, strictFileInteractability: false, timeouts: {implicit: 0, pageLoad: 300000, script: 30000}, unhandledPromptBehavior: dismiss and notify}
Session ID: cc9b32299a88796ffd0cedde80404eab
	at org.openqa.selenium.remote.http.W3CHttpResponseCodec.createException(W3CHttpResponseCodec.java:187)
	at org.openqa.selenium.remote.http.W3CHttpResponseCodec.decode(W3CHttpResponseCodec.java:122)
	at org.openqa.selenium.remote.http.W3CHttpResponseCodec.decode(W3CHttpResponseCodec.java:49)
	at org.openqa.selenium.remote.HttpCommandExecutor.execute(HttpCommandExecutor.java:158)
	at org.openqa.selenium.remote.service.DriverCommandExecutor.execute(DriverCommandExecutor.java:83)
	at org.openqa.selenium.remote.RemoteWebDriver.execute(RemoteWebDriver.java:552)
	at org.openqa.selenium.remote.RemoteWebElement.execute(RemoteWebElement.java:285)
	at org.openqa.selenium.remote.RemoteWebElement.click(RemoteWebElement.java:84)
	at com.PageObject.Core_Analysis.Top20_Brand_To_Brand.Top20_Brand_To_Brand_Details_Report(Top20_Brand_To_Brand.java:13)
	at com.TestCase.Core_Analysis.Top20_Brand_To_Brand_Report.Top20_Brand_To_Brand_Details(Top20_Brand_To_Brand_Report.java:10)
	at com.intellij.rt.testng.IDEARemoteTestNG.run(IDEARemoteTestNG.java:66)
	at com.intellij.rt.testng.RemoteTestNGStarter.main(RemoteTestNGStarter.java:110)
... Removed 26 stack frames
</div> <!-- stack-trace -->
                </div> <!-- method-content -->
              </div> <!-- method -->
            </div> <!-- main-panel-content rounded-window-bottom -->
          </div> <!-- suite-SMSRC-class-failed -->
          <div class="suite-SMSRC-class-failed">
            <div class="main-panel-header rounded-window-top">
              <img src="failed.png"/>
              <span class="class-name">com.TestCase.PDPC_Report.PDPC_Cat_BrdMol_Mol_Brnd_SKU_PAT_Set1</span>
            </div> <!-- main-panel-header rounded-window-top -->
            <div class="main-panel-content rounded-window-bottom">
              <div class="method">
                <div class="method-content">
                  <a name="Categry_Mol">
                  </a> <!-- Categry_Mol -->
                  <span class="method-name">Categry_Mol</span>
                  <div class="stack-trace">org.openqa.selenium.ElementClickInterceptedException: element click intercepted: Element &lt;b class=&quot;caret&quot;&gt;&lt;/b&gt; is not clickable at point (1524, 8). Other element would receive the click: &lt;div class=&quot;navbar navbar-default header-highlight navbar-inverse bg-indigo navbar-fixed-top&quot;&gt;...&lt;/div&gt;
  (Session info: chrome=80.0.3987.87)
Build info: version: &apos;3.141.59&apos;, revision: &apos;e82be7d358&apos;, time: &apos;2018-11-14T08:17:03&apos;
System info: host: &apos;ADMIN-PC&apos;, ip: &apos;192.168.11.105&apos;, os.name: &apos;Windows 7&apos;, os.arch: &apos;amd64&apos;, os.version: &apos;6.1&apos;, java.version: &apos;1.8.0_231&apos;
Driver info: org.openqa.selenium.chrome.ChromeDriver
Capabilities {acceptInsecureCerts: false, browserName: chrome, browserVersion: 80.0.3987.87, chrome: {chromedriverVersion: 79.0.3945.36 (3582db32b3389..., userDataDir: C:\Users\admin\AppData\Loca...}, goog:chromeOptions: {debuggerAddress: localhost:55273}, javascriptEnabled: true, networkConnectionEnabled: false, pageLoadStrategy: normal, platform: WINDOWS, platformName: WINDOWS, proxy: Proxy(), setWindowRect: true, strictFileInteractability: false, timeouts: {implicit: 0, pageLoad: 300000, script: 30000}, unhandledPromptBehavior: dismiss and notify}
Session ID: cc9b32299a88796ffd0cedde80404eab
	at org.openqa.selenium.remote.http.W3CHttpResponseCodec.createException(W3CHttpResponseCodec.java:187)
	at org.openqa.selenium.remote.http.W3CHttpResponseCodec.decode(W3CHttpResponseCodec.java:122)
	at org.openqa.selenium.remote.http.W3CHttpResponseCodec.decode(W3CHttpResponseCodec.java:49)
	at org.openqa.selenium.remote.HttpCommandExecutor.execute(HttpCommandExecutor.java:158)
	at org.openqa.selenium.remote.service.DriverCommandExecutor.execute(DriverCommandExecutor.java:83)
	at org.openqa.selenium.remote.RemoteWebDriver.execute(RemoteWebDriver.java:552)
	at org.openqa.selenium.remote.RemoteWebElement.execute(RemoteWebElement.java:285)
	at org.openqa.selenium.remote.RemoteWebElement.click(RemoteWebElement.java:84)
	at com.PageObject.PDPC.Cat_BrdMol_Mol_Brnd_SKU_PAT_Set1_Report.Details(Cat_BrdMol_Mol_Brnd_SKU_PAT_Set1_Report.java:118)
	at com.TestCase.PDPC_Report.PDPC_Cat_BrdMol_Mol_Brnd_SKU_PAT_Set1.Categry_Mol(PDPC_Cat_BrdMol_Mol_Brnd_SKU_PAT_Set1.java:11)
	at com.intellij.rt.testng.IDEARemoteTestNG.run(IDEARemoteTestNG.java:66)
	at com.intellij.rt.testng.RemoteTestNGStarter.main(RemoteTestNGStarter.java:110)
... Removed 26 stack frames
</div> <!-- stack-trace -->
                </div> <!-- method-content -->
              </div> <!-- method -->
            </div> <!-- main-panel-content rounded-window-bottom -->
          </div> <!-- suite-SMSRC-class-failed -->
          <div class="suite-SMSRC-class-failed">
            <div class="main-panel-header rounded-window-top">
              <img src="failed.png"/>
              <span class="class-name">com.TestCase.Base_Per_Capita_Report.Category_Brand_to_Brand_Report</span>
            </div> <!-- main-panel-header rounded-window-top -->
            <div class="main-panel-content rounded-window-bottom">
              <div class="method">
                <div class="method-content">
                  <a name="Details">
                  </a> <!-- Details -->
                  <span class="method-name">Details</span>
                  <div class="stack-trace">org.openqa.selenium.ElementClickInterceptedException: element click intercepted: Element &lt;a href=&quot;javascript:void(0)&quot; class=&quot;has-ul legitRipple&quot;&gt;...&lt;/a&gt; is not clickable at point (115, 22). Other element would receive the click: &lt;img src=&quot;/images/left-sidebar-logo.png&quot;&gt;
  (Session info: chrome=80.0.3987.87)
Build info: version: &apos;3.141.59&apos;, revision: &apos;e82be7d358&apos;, time: &apos;2018-11-14T08:17:03&apos;
System info: host: &apos;ADMIN-PC&apos;, ip: &apos;192.168.11.105&apos;, os.name: &apos;Windows 7&apos;, os.arch: &apos;amd64&apos;, os.version: &apos;6.1&apos;, java.version: &apos;1.8.0_231&apos;
Driver info: org.openqa.selenium.chrome.ChromeDriver
Capabilities {acceptInsecureCerts: false, browserName: chrome, browserVersion: 80.0.3987.87, chrome: {chromedriverVersion: 79.0.3945.36 (3582db32b3389..., userDataDir: C:\Users\admin\AppData\Loca...}, goog:chromeOptions: {debuggerAddress: localhost:55273}, javascriptEnabled: true, networkConnectionEnabled: false, pageLoadStrategy: normal, platform: WINDOWS, platformName: WINDOWS, proxy: Proxy(), setWindowRect: true, strictFileInteractability: false, timeouts: {implicit: 0, pageLoad: 300000, script: 30000}, unhandledPromptBehavior: dismiss and notify}
Session ID: cc9b32299a88796ffd0cedde80404eab
	at org.openqa.selenium.remote.http.W3CHttpResponseCodec.createException(W3CHttpResponseCodec.java:187)
	at org.openqa.selenium.remote.http.W3CHttpResponseCodec.decode(W3CHttpResponseCodec.java:122)
	at org.openqa.selenium.remote.http.W3CHttpResponseCodec.decode(W3CHttpResponseCodec.java:49)
	at org.openqa.selenium.remote.HttpCommandExecutor.execute(HttpCommandExecutor.java:158)
	at org.openqa.selenium.remote.service.DriverCommandExecutor.execute(DriverCommandExecutor.java:83)
	at org.openqa.selenium.remote.RemoteWebDriver.execute(RemoteWebDriver.java:552)
	at org.openqa.selenium.remote.RemoteWebElement.execute(RemoteWebElement.java:285)
	at org.openqa.selenium.remote.RemoteWebElement.click(RemoteWebElement.java:84)
	at com.PageObject.Base_Per_Capita.Category_Brand_to_Brand.Category_Brand_to_Brand_Details(Category_Brand_to_Brand.java:13)
	at com.TestCase.Base_Per_Capita_Report.Category_Brand_to_Brand_Report.Details(Category_Brand_to_Brand_Report.java:11)
	at com.intellij.rt.testng.IDEARemoteTestNG.run(IDEARemoteTestNG.java:66)
	at com.intellij.rt.testng.RemoteTestNGStarter.main(RemoteTestNGStarter.java:110)
... Removed 26 stack frames
</div> <!-- stack-trace -->
                </div> <!-- method-content -->
              </div> <!-- method -->
            </div> <!-- main-panel-content rounded-window-bottom -->
          </div> <!-- suite-SMSRC-class-failed -->
          <div class="suite-SMSRC-class-passed">
            <div class="main-panel-header rounded-window-top">
              <img src="passed.png"/>
              <span class="class-name">com.TestCase.Login.Login_TestCase</span>
            </div> <!-- main-panel-header rounded-window-top -->
            <div class="main-panel-content rounded-window-bottom">
              <div class="method">
                <div class="method-content">
                  <a name="Url_Hit">
                  </a> <!-- Url_Hit -->
                  <span class="method-name">Url_Hit</span>
                </div> <!-- method-content -->
              </div> <!-- method -->
              <div class="method">
                <div class="method-content">
                  <a name="With_Username_Password">
                  </a> <!-- With_Username_Password -->
                  <span class="method-name">With_Username_Password</span>
                </div> <!-- method-content -->
              </div> <!-- method -->
            </div> <!-- main-panel-content rounded-window-bottom -->
          </div> <!-- suite-SMSRC-class-passed -->
          <div class="suite-SMSRC-class-passed">
            <div class="main-panel-header rounded-window-top">
              <img src="passed.png"/>
              <span class="class-name">com.TestCase.Patient_Profile_Age.category_brand_custom_TestCase</span>
            </div> <!-- main-panel-header rounded-window-top -->
            <div class="main-panel-content rounded-window-bottom">
              <div class="method">
                <div class="method-content">
                  <a name="brand_custom_TestCase">
                  </a> <!-- brand_custom_TestCase -->
                  <span class="method-name">brand_custom_TestCase</span>
                </div> <!-- method-content -->
              </div> <!-- method -->
            </div> <!-- main-panel-content rounded-window-bottom -->
          </div> <!-- suite-SMSRC-class-passed -->
        </div> <!-- panel SMSRC -->
        <div panel-name="test-xml-SMSRC" class="panel">
          <div class="main-panel-header rounded-window-top">
            <span class="header-content">D:\demo_smrc_com\TestNG.xml</span>
          </div> <!-- main-panel-header rounded-window-top -->
          <div class="main-panel-content rounded-window-bottom">
            <pre>
&lt;?xml version=&quot;1.0&quot; encoding=&quot;UTF-8&quot;?&gt;
&lt;!DOCTYPE suite SYSTEM &quot;http://testng.org/testng-1.0.dtd&quot;&gt;
&lt;suite guice-stage=&quot;DEVELOPMENT&quot; name=&quot;SMSRC&quot;&gt;
  &lt;test thread-count=&quot;5&quot; name=&quot;SMSRC_TestCase1&quot;&gt;
    &lt;classes&gt;
      &lt;class name=&quot;com.TestCase.Login.Login_TestCase&quot;/&gt;
      &lt;class name=&quot;com.TestCase.Patient_Profile_Age.category_brand_custom_TestCase&quot;/&gt;
      &lt;class name=&quot;com.TestCase.PDPC_Report.PDPC_Cat_BrdMol_Mol_Brnd_SKU_PAT_Set1&quot;/&gt;
      &lt;class name=&quot;com.TestCase.Product_1_2_Report.Category_Company_Division_Report&quot;/&gt;
      &lt;class name=&quot;com.TestCase.Base_Per_Capita_Report.Category_Brand_to_Brand_Report&quot;/&gt;
      &lt;class name=&quot;com.TestCase.All_co_Rx_Report.Category_to_Category_Report&quot;/&gt;
      &lt;class name=&quot;com.TestCase.Core_Analysis.Top20_Brand_To_Brand_Report&quot;/&gt;
      &lt;class name=&quot;com.TestCase.Trends_Report.Trend_Contibution_category_molecule_brand_Report&quot;/&gt;
      &lt;class name=&quot;com.TestCase.RXER_Profile_Age_Report.RXER_Profile_Age_TestCase&quot;/&gt;
      &lt;class name=&quot;com.TestCase.Rpm_Report.Rpm_TestCase&quot;/&gt;
      &lt;class name=&quot;com.TestCase.Dosage_And_Duration_Report.Category_Molecule_Brand_Strength_Report&quot;/&gt;
    &lt;/classes&gt;
  &lt;/test&gt; &lt;!-- SMSRC_TestCase1 --&gt;
&lt;/suite&gt; &lt;!-- SMSRC --&gt;
            </pre>
          </div> <!-- main-panel-content rounded-window-bottom -->
        </div> <!-- panel -->
        <div panel-name="testlist-SMSRC" class="panel">
          <div class="main-panel-header rounded-window-top">
            <span class="header-content">Tests for SMSRC</span>
          </div> <!-- main-panel-header rounded-window-top -->
          <div class="main-panel-content rounded-window-bottom">
            <ul>
              <li>
                <span class="test-name">SMSRC_TestCase1 (11 classes)</span>
              </li>
            </ul>
          </div> <!-- main-panel-content rounded-window-bottom -->
        </div> <!-- panel -->
        <div panel-name="group-SMSRC" class="panel">
          <div class="main-panel-header rounded-window-top">
            <span class="header-content">Groups for SMSRC</span>
          </div> <!-- main-panel-header rounded-window-top -->
          <div class="main-panel-content rounded-window-bottom">
          </div> <!-- main-panel-content rounded-window-bottom -->
        </div> <!-- panel -->
        <div panel-name="times-SMSRC" class="panel">
          <div class="main-panel-header rounded-window-top">
            <span class="header-content">Times for SMSRC</span>
          </div> <!-- main-panel-header rounded-window-top -->
          <div class="main-panel-content rounded-window-bottom">
            <div class="times-div">
              <script type="text/javascript">
suiteTableInitFunctions.push('tableData_SMSRC');
function tableData_SMSRC() {
var data = new google.visualization.DataTable();
data.addColumn('number', 'Number');
data.addColumn('string', 'Method');
data.addColumn('string', 'Class');
data.addColumn('number', 'Time (ms)');
data.addRows(14);
data.setCell(0, 0, 0)
data.setCell(0, 1, 'brand_custom_TestCase')
data.setCell(0, 2, 'com.TestCase.Patient_Profile_Age.category_brand_custom_TestCase')
data.setCell(0, 3, 307628);
data.setCell(1, 0, 1)
data.setCell(1, 1, 'Categry_Mol')
data.setCell(1, 2, 'com.TestCase.PDPC_Report.PDPC_Cat_BrdMol_Mol_Brnd_SKU_PAT_Set1')
data.setCell(1, 3, 155053);
data.setCell(2, 0, 2)
data.setCell(2, 1, 'With_Username_Password')
data.setCell(2, 2, 'com.TestCase.Login.Login_TestCase')
data.setCell(2, 3, 19160);
data.setCell(3, 0, 3)
data.setCell(3, 1, 'Without_UserName')
data.setCell(3, 2, 'com.TestCase.Login.Login_TestCase')
data.setCell(3, 3, 17616);
data.setCell(4, 0, 4)
data.setCell(4, 1, 'Url_Hit')
data.setCell(4, 2, 'com.TestCase.Login.Login_TestCase')
data.setCell(4, 3, 13597);
data.setCell(5, 0, 5)
data.setCell(5, 1, 'Without_Password')
data.setCell(5, 2, 'com.TestCase.Login.Login_TestCase')
data.setCell(5, 3, 12963);
data.setCell(6, 0, 6)
data.setCell(6, 1, 'Category_Molecule_Brand_Strength_Details')
data.setCell(6, 2, 'com.TestCase.Dosage_And_Duration_Report.Category_Molecule_Brand_Strength_Report')
data.setCell(6, 3, 6150);
data.setCell(7, 0, 7)
data.setCell(7, 1, 'details')
data.setCell(7, 2, 'com.TestCase.RXER_Profile_Age_Report.RXER_Profile_Age_TestCase')
data.setCell(7, 3, 6130);
data.setCell(8, 0, 8)
data.setCell(8, 1, 'details')
data.setCell(8, 2, 'com.TestCase.Rpm_Report.Rpm_TestCase')
data.setCell(8, 3, 6130);
data.setCell(9, 0, 9)
data.setCell(9, 1, 'Details')
data.setCell(9, 2, 'com.TestCase.Base_Per_Capita_Report.Category_Brand_to_Brand_Report')
data.setCell(9, 3, 1125);
data.setCell(10, 0, 10)
data.setCell(10, 1, 'Details')
data.setCell(10, 2, 'com.TestCase.Product_1_2_Report.Category_Company_Division_Report')
data.setCell(10, 3, 1114);
data.setCell(11, 0, 11)
data.setCell(11, 1, 'Category_to_Category_Details')
data.setCell(11, 2, 'com.TestCase.All_co_Rx_Report.Category_to_Category_Report')
data.setCell(11, 3, 1110);
data.setCell(12, 0, 12)
data.setCell(12, 1, 'Top20_Brand_To_Brand_Details')
data.setCell(12, 2, 'com.TestCase.Core_Analysis.Top20_Brand_To_Brand_Report')
data.setCell(12, 3, 1110);
data.setCell(13, 0, 13)
data.setCell(13, 1, 'Trend_Contibution_category_molecule_brand_Details')
data.setCell(13, 2, 'com.TestCase.Trends_Report.Trend_Contibution_category_molecule_brand_Report')
data.setCell(13, 3, 1070);
window.suiteTableData['SMSRC']= { tableData: data, tableDiv: 'times-div-SMSRC'}
return data;
}
              </script>
              <span class="suite-total-time">Total running time: 9 minutes</span>
              <div id="times-div-SMSRC">
              </div> <!-- times-div-SMSRC -->
            </div> <!-- times-div -->
          </div> <!-- main-panel-content rounded-window-bottom -->
        </div> <!-- panel -->
        <div panel-name="reporter-SMSRC" class="panel">
          <div class="main-panel-header rounded-window-top">
            <span class="header-content">Reporter output for SMSRC</span>
          </div> <!-- main-panel-header rounded-window-top -->
          <div class="main-panel-content rounded-window-bottom">
          </div> <!-- main-panel-content rounded-window-bottom -->
        </div> <!-- panel -->
        <div panel-name="ignored-methods-SMSRC" class="panel">
          <div class="main-panel-header rounded-window-top">
            <span class="header-content">0 ignored methods</span>
          </div> <!-- main-panel-header rounded-window-top -->
          <div class="main-panel-content rounded-window-bottom">
          </div> <!-- main-panel-content rounded-window-bottom -->
        </div> <!-- panel -->
        <div panel-name="chronological-SMSRC" class="panel">
          <div class="main-panel-header rounded-window-top">
            <span class="header-content">Methods in chronological order</span>
          </div> <!-- main-panel-header rounded-window-top -->
          <div class="main-panel-content rounded-window-bottom">
            <div class="chronological-class">
              <div class="chronological-class-name">com.TestCase.Login.Login_TestCase</div> <!-- chronological-class-name -->
              <div class="test-method">
                <span class="method-name">Url_Hit</span>
                <span class="method-start">0 ms</span>
              </div> <!-- test-method -->
              <div class="test-method">
                <img src="failed.png">
                </img>
                <span class="method-name">Without_Password</span>
                <span class="method-start">13597 ms</span>
              </div> <!-- test-method -->
              <div class="test-method">
                <img src="failed.png">
                </img>
                <span class="method-name">Without_UserName</span>
                <span class="method-start">26570 ms</span>
              </div> <!-- test-method -->
              <div class="test-method">
                <span class="method-name">With_Username_Password</span>
                <span class="method-start">44186 ms</span>
              </div> <!-- test-method -->
            </div> <!-- chronological-class -->
            <div class="chronological-class">
              <div class="chronological-class-name">com.TestCase.Patient_Profile_Age.category_brand_custom_TestCase</div> <!-- chronological-class-name -->
              <div class="test-method">
                <span class="method-name">brand_custom_TestCase</span>
                <span class="method-start">63346 ms</span>
              </div> <!-- test-method -->
            </div> <!-- chronological-class -->
            <div class="chronological-class">
              <div class="chronological-class-name">com.TestCase.PDPC_Report.PDPC_Cat_BrdMol_Mol_Brnd_SKU_PAT_Set1</div> <!-- chronological-class-name -->
              <div class="test-method">
                <img src="failed.png">
                </img>
                <span class="method-name">Categry_Mol</span>
                <span class="method-start">370974 ms</span>
              </div> <!-- test-method -->
            </div> <!-- chronological-class -->
            <div class="chronological-class">
              <div class="chronological-class-name">com.TestCase.Product_1_2_Report.Category_Company_Division_Report</div> <!-- chronological-class-name -->
              <div class="test-method">
                <img src="failed.png">
                </img>
                <span class="method-name">Details</span>
                <span class="method-start">526047 ms</span>
              </div> <!-- test-method -->
            </div> <!-- chronological-class -->
            <div class="chronological-class">
              <div class="chronological-class-name">com.TestCase.Base_Per_Capita_Report.Category_Brand_to_Brand_Report</div> <!-- chronological-class-name -->
              <div class="test-method">
                <img src="failed.png">
                </img>
                <span class="method-name">Details</span>
                <span class="method-start">527171 ms</span>
              </div> <!-- test-method -->
            </div> <!-- chronological-class -->
            <div class="chronological-class">
              <div class="chronological-class-name">com.TestCase.All_co_Rx_Report.Category_to_Category_Report</div> <!-- chronological-class-name -->
              <div class="test-method">
                <img src="failed.png">
                </img>
                <span class="method-name">Category_to_Category_Details</span>
                <span class="method-start">528306 ms</span>
              </div> <!-- test-method -->
            </div> <!-- chronological-class -->
            <div class="chronological-class">
              <div class="chronological-class-name">com.TestCase.Core_Analysis.Top20_Brand_To_Brand_Report</div> <!-- chronological-class-name -->
              <div class="test-method">
                <img src="failed.png">
                </img>
                <span class="method-name">Top20_Brand_To_Brand_Details</span>
                <span class="method-start">529426 ms</span>
              </div> <!-- test-method -->
            </div> <!-- chronological-class -->
            <div class="chronological-class">
              <div class="chronological-class-name">com.TestCase.Trends_Report.Trend_Contibution_category_molecule_brand_Report</div> <!-- chronological-class-name -->
              <div class="test-method">
                <img src="failed.png">
                </img>
                <span class="method-name">Trend_Contibution_category_molecule_brand_Details</span>
                <span class="method-start">530546 ms</span>
              </div> <!-- test-method -->
            </div> <!-- chronological-class -->
            <div class="chronological-class">
              <div class="chronological-class-name">com.TestCase.RXER_Profile_Age_Report.RXER_Profile_Age_TestCase</div> <!-- chronological-class-name -->
              <div class="test-method">
                <img src="failed.png">
                </img>
                <span class="method-name">details</span>
                <span class="method-start">531626 ms</span>
              </div> <!-- test-method -->
            </div> <!-- chronological-class -->
            <div class="chronological-class">
              <div class="chronological-class-name">com.TestCase.Rpm_Report.Rpm_TestCase</div> <!-- chronological-class-name -->
              <div class="test-method">
                <img src="failed.png">
                </img>
                <span class="method-name">details</span>
                <span class="method-start">537766 ms</span>
              </div> <!-- test-method -->
            </div> <!-- chronological-class -->
            <div class="chronological-class">
              <div class="chronological-class-name">com.TestCase.Dosage_And_Duration_Report.Category_Molecule_Brand_Strength_Report</div> <!-- chronological-class-name -->
              <div class="test-method">
                <img src="failed.png">
                </img>
                <span class="method-name">Category_Molecule_Brand_Strength_Details</span>
                <span class="method-start">543906 ms</span>
              </div> <!-- test-method -->
          </div> <!-- main-panel-content rounded-window-bottom -->
        </div> <!-- panel -->
      </div> <!-- main-panel-root -->
    </div> <!-- wrapper -->
  </body>
</html>
