<?xml version="1.0" encoding="UTF-8"?>
<testsuite xmlns:xsi="http://www.w3.org/2001/XMLSchema-instance" xsi:schemaLocation="https://maven.apache.org/surefire/maven-surefire-plugin/xsd/surefire-test-report.xsd" name="TestSuite" time="533.073" tests="8" errors="0" skipped="0" failures="4">
  <properties>
    <property name="java.runtime.name" value="Java(TM) SE Runtime Environment"/>
    <property name="sun.boot.library.path" value="C:\Program Files\Java\jdk1.8.0_231\jre\bin"/>
    <property name="java.vm.version" value="25.231-b11"/>
    <property name="java.vm.vendor" value="Oracle Corporation"/>
    <property name="maven.multiModuleProjectDirectory" value="D:\demo_smrc_com"/>
    <property name="java.vendor.url" value="http://java.oracle.com/"/>
    <property name="path.separator" value=";"/>
    <property name="guice.disable.misplaced.annotation.check" value="true"/>
    <property name="java.vm.name" value="Java HotSpot(TM) 64-Bit Server VM"/>
    <property name="file.encoding.pkg" value="sun.io"/>
    <property name="user.script" value=""/>
    <property name="user.country" value="US"/>
    <property name="sun.java.launcher" value="SUN_STANDARD"/>
    <property name="sun.os.patch.level" value="Service Pack 1"/>
    <property name="java.vm.specification.name" value="Java Virtual Machine Specification"/>
    <property name="user.dir" value="D:\demo_smrc_com"/>
    <property name="forkCount" value="0"/>
    <property name="intellij.debug.agent" value="true"/>
    <property name="java.runtime.version" value="1.8.0_231-b11"/>
    <property name="java.awt.graphicsenv" value="sun.awt.Win32GraphicsEnvironment"/>
    <property name="basedir" value="D:\demo_smrc_com"/>
    <property name="java.endorsed.dirs" value="C:\Program Files\Java\jdk1.8.0_231\jre\lib\endorsed"/>
    <property name="os.arch" value="amd64"/>
    <property name="java.io.tmpdir" value="C:\Users\admin\AppData\Local\Temp\"/>
    <property name="line.separator" value="&#10;"/>
    <property name="java.vm.specification.vendor" value="Oracle Corporation"/>
    <property name="user.variant" value=""/>
    <property name="os.name" value="Windows 7"/>
    <property name="reuseForks" value="false"/>
    <property name="maven.ext.class.path" value="C:\Program Files\JetBrains\IntelliJ IDEA 2019.3.1\plugins\maven\lib\maven-event-listener.jar"/>
    <property name="classworlds.conf" value="C:\Program Files\JetBrains\IntelliJ IDEA 2019.3.1\plugins\maven\lib\maven3\bin\m2.conf"/>
    <property name="sun.jnu.encoding" value="Cp1252"/>
    <property name="java.library.path" value="C:\Program Files\Java\jdk1.8.0_231\bin;C:\Windows\Sun\Java\bin;C:\Windows\system32;C:\Windows;C:\Program Files (x86)\Common Files\Oracle\Java\javapath;C:\Windows\system32;C:\Windows;C:\Windows\System32\Wbem;C:\Windows\System32\WindowsPowerShell\v1.0\;C:\Program Files\Intel\WiFi\bin\;C:\Program Files\Common Files\Intel\WirelessCommon;C:\Program Files\Git\cmd;C:\Program Files\Java\jdk1.8.0_231\bin;C:\Users\Public\Documents\sdk\platform-tools;C:\Users\Public\Documents\sdk\tools;C:\Program Files\Intel\WiFi\bin\;C:\Program Files\Common Files\Intel\WirelessCommon\;."/>
    <property name="surefire.test.class.path" value="D:\demo_smrc_com\target\test-classes;D:\demo_smrc_com\target\classes;C:\Users\admin\.m2\repository\org\testng\testng\6.14.3\testng-6.14.3.jar;C:\Users\admin\.m2\repository\com\beust\jcommander\1.72\jcommander-1.72.jar;C:\Users\admin\.m2\repository\org\apache-extras\beanshell\bsh\2.0b6\bsh-2.0b6.jar;C:\Users\admin\.m2\repository\org\apache\commons\commons-lang3\3.9\commons-lang3-3.9.jar;C:\Users\admin\.m2\repository\org\seleniumhq\selenium\selenium-chrome-driver\3.141.59\selenium-chrome-driver-3.141.59.jar;C:\Users\admin\.m2\repository\org\seleniumhq\selenium\selenium-api\3.141.59\selenium-api-3.141.59.jar;C:\Users\admin\.m2\repository\org\seleniumhq\selenium\selenium-remote-driver\3.141.59\selenium-remote-driver-3.141.59.jar;C:\Users\admin\.m2\repository\net\bytebuddy\byte-buddy\1.8.15\byte-buddy-1.8.15.jar;C:\Users\admin\.m2\repository\org\apache\commons\commons-exec\1.3\commons-exec-1.3.jar;C:\Users\admin\.m2\repository\com\squareup\okhttp3\okhttp\3.11.0\okhttp-3.11.0.jar;C:\Users\admin\.m2\repository\com\squareup\okio\okio\1.14.0\okio-1.14.0.jar;C:\Users\admin\.m2\repository\org\seleniumhq\webdriver\webdriver-chrome\0.9.7376\webdriver-chrome-0.9.7376.jar;C:\Users\admin\.m2\repository\org\seleniumhq\webdriver\webdriver-common\0.9.7376\webdriver-common-0.9.7376.jar;C:\Users\admin\.m2\repository\org\seleniumhq\webdriver\webdriver-remote-client\0.9.7376\webdriver-remote-client-0.9.7376.jar;C:\Users\admin\.m2\repository\org\seleniumhq\webdriver\webdriver-remote-common\0.9.7376\webdriver-remote-common-0.9.7376.jar;C:\Users\admin\.m2\repository\org\json\json\20080701\json-20080701.jar;C:\Users\admin\.m2\repository\org\seleniumhq\webdriver\webdriver-support\0.9.7376\webdriver-support-0.9.7376.jar;C:\Users\admin\.m2\repository\org\hamcrest\hamcrest-all\1.1\hamcrest-all-1.1.jar;C:\Users\admin\.m2\repository\commons-httpclient\commons-httpclient\3.1\commons-httpclient-3.1.jar;C:\Users\admin\.m2\repository\junit\junit\4.12\junit-4.12.jar;C:\Users\admin\.m2\repository\org\hamcrest\hamcrest-core\1.3\hamcrest-core-1.3.jar;C:\Users\admin\.m2\repository\com\offbytwo\jenkins\jenkins-client\0.3.8\jenkins-client-0.3.8.jar;C:\Users\admin\.m2\repository\com\fasterxml\jackson\core\jackson-annotations\2.3.4\jackson-annotations-2.3.4.jar;C:\Users\admin\.m2\repository\com\fasterxml\jackson\core\jackson-core\2.3.4\jackson-core-2.3.4.jar;C:\Users\admin\.m2\repository\com\fasterxml\jackson\core\jackson-databind\2.3.4\jackson-databind-2.3.4.jar;C:\Users\admin\.m2\repository\dom4j\dom4j\1.6.1\dom4j-1.6.1.jar;C:\Users\admin\.m2\repository\net\sf\json-lib\json-lib\2.4\json-lib-2.4-jdk15.jar;C:\Users\admin\.m2\repository\commons-beanutils\commons-beanutils\1.8.0\commons-beanutils-1.8.0.jar;C:\Users\admin\.m2\repository\commons-collections\commons-collections\3.2.1\commons-collections-3.2.1.jar;C:\Users\admin\.m2\repository\commons-logging\commons-logging\1.1.1\commons-logging-1.1.1.jar;C:\Users\admin\.m2\repository\net\sf\ezmorph\ezmorph\1.0.6\ezmorph-1.0.6.jar;C:\Users\admin\.m2\repository\commons-lang\commons-lang\2.6\commons-lang-2.6.jar;C:\Users\admin\.m2\repository\commons-io\commons-io\2.4\commons-io-2.4.jar;C:\Users\admin\.m2\repository\org\apache\httpcomponents\httpclient\4.3.6\httpclient-4.3.6.jar;C:\Users\admin\.m2\repository\commons-codec\commons-codec\1.6\commons-codec-1.6.jar;C:\Users\admin\.m2\repository\org\apache\httpcomponents\httpcore\4.3.3\httpcore-4.3.3.jar;C:\Users\admin\.m2\repository\org\apache\httpcomponents\httpmime\4.3.6\httpmime-4.3.6.jar;C:\Users\admin\.m2\repository\jaxen\jaxen\1.1.6\jaxen-1.1.6.jar;C:\Users\admin\.m2\repository\org\slf4j\slf4j-api\1.7.21\slf4j-api-1.7.21.jar;C:\Users\admin\.m2\repository\xml-apis\xml-apis\1.4.01\xml-apis-1.4.01.jar;C:\Users\admin\.m2\repository\org\seleniumhq\selenium\selenium-java\3.141.59\selenium-java-3.141.59.jar;C:\Users\admin\.m2\repository\org\seleniumhq\selenium\selenium-edge-driver\3.141.59\selenium-edge-driver-3.141.59.jar;C:\Users\admin\.m2\repository\org\seleniumhq\selenium\selenium-firefox-driver\3.141.59\selenium-firefox-driver-3.141.59.jar;C:\Users\admin\.m2\repository\org\seleniumhq\selenium\selenium-ie-driver\3.141.59\selenium-ie-driver-3.141.59.jar;C:\Users\admin\.m2\repository\org\seleniumhq\selenium\selenium-opera-driver\3.141.59\selenium-opera-driver-3.141.59.jar;C:\Users\admin\.m2\repository\org\seleniumhq\selenium\selenium-safari-driver\3.141.59\selenium-safari-driver-3.141.59.jar;C:\Users\admin\.m2\repository\org\seleniumhq\selenium\selenium-support\3.141.59\selenium-support-3.141.59.jar;C:\Users\admin\.m2\repository\io\appium\java-client\7.2.0\java-client-7.2.0.jar;C:\Users\admin\.m2\repository\com\google\code\gson\gson\2.8.5\gson-2.8.5.jar;C:\Users\admin\.m2\repository\cglib\cglib\3.2.12\cglib-3.2.12.jar;C:\Users\admin\.m2\repository\org\ow2\asm\asm\7.1\asm-7.1.jar;C:\Users\admin\.m2\repository\commons-validator\commons-validator\1.6\commons-validator-1.6.jar;C:\Users\admin\.m2\repository\commons-digester\commons-digester\1.8.1\commons-digester-1.8.1.jar;C:\Users\admin\.m2\repository\org\springframework\spring-context\5.1.8.RELEASE\spring-context-5.1.8.RELEASE.jar;C:\Users\admin\.m2\repository\org\springframework\spring-aop\5.1.8.RELEASE\spring-aop-5.1.8.RELEASE.jar;C:\Users\admin\.m2\repository\org\springframework\spring-beans\5.1.8.RELEASE\spring-beans-5.1.8.RELEASE.jar;C:\Users\admin\.m2\repository\org\springframework\spring-core\5.1.8.RELEASE\spring-core-5.1.8.RELEASE.jar;C:\Users\admin\.m2\repository\org\springframework\spring-jcl\5.1.8.RELEASE\spring-jcl-5.1.8.RELEASE.jar;C:\Users\admin\.m2\repository\org\springframework\spring-expression\5.1.8.RELEASE\spring-expression-5.1.8.RELEASE.jar;C:\Users\admin\.m2\repository\org\aspectj\aspectjweaver\1.9.4\aspectjweaver-1.9.4.jar;C:\Users\admin\.m2\repository\com\google\guava\guava\23.0\guava-23.0.jar;C:\Users\admin\.m2\repository\com\google\code\findbugs\jsr305\1.3.9\jsr305-1.3.9.jar;C:\Users\admin\.m2\repository\com\google\errorprone\error_prone_annotations\2.0.18\error_prone_annotations-2.0.18.jar;C:\Users\admin\.m2\repository\com\google\j2objc\j2objc-annotations\1.1\j2objc-annotations-1.1.jar;C:\Users\admin\.m2\repository\org\codehaus\mojo\animal-sniffer-annotations\1.14\animal-sniffer-annotations-1.14.jar;C:\Users\admin\.m2\repository\org\apache\maven\plugin-tools\maven-plugin-annotations\3.6.0\maven-plugin-annotations-3.6.0.jar;C:\Users\admin\.m2\repository\org\apache\maven\maven-artifact\3.0\maven-artifact-3.0.jar;C:\Users\admin\.m2\repository\org\apache\maven\maven-project\2.2.1\maven-project-2.2.1.jar;C:\Users\admin\.m2\repository\org\apache\maven\maven-settings\2.2.1\maven-settings-2.2.1.jar;C:\Users\admin\.m2\repository\org\apache\maven\maven-profile\2.2.1\maven-profile-2.2.1.jar;C:\Users\admin\.m2\repository\org\apache\maven\maven-model\2.2.1\maven-model-2.2.1.jar;C:\Users\admin\.m2\repository\org\apache\maven\maven-artifact-manager\2.2.1\maven-artifact-manager-2.2.1.jar;C:\Users\admin\.m2\repository\org\apache\maven\maven-repository-metadata\2.2.1\maven-repository-metadata-2.2.1.jar;C:\Users\admin\.m2\repository\org\apache\maven\wagon\wagon-provider-api\1.0-beta-6\wagon-provider-api-1.0-beta-6.jar;C:\Users\admin\.m2\repository\backport-util-concurrent\backport-util-concurrent\3.1\backport-util-concurrent-3.1.jar;C:\Users\admin\.m2\repository\org\apache\maven\maven-plugin-registry\2.2.1\maven-plugin-registry-2.2.1.jar;C:\Users\admin\.m2\repository\org\codehaus\plexus\plexus-interpolation\1.11\plexus-interpolation-1.11.jar;C:\Users\admin\.m2\repository\org\codehaus\plexus\plexus-utils\1.5.15\plexus-utils-1.5.15.jar;C:\Users\admin\.m2\repository\org\codehaus\plexus\plexus-container-default\1.0-alpha-9-stable-1\plexus-container-default-1.0-alpha-9-stable-1.jar;C:\Users\admin\.m2\repository\classworlds\classworlds\1.1-alpha-2\classworlds-1.1-alpha-2.jar;C:\Users\admin\.m2\repository\org\apache\ant\ant-junit\1.10.7\ant-junit-1.10.7.jar;C:\Program Files\Java\jdk1.8.0_231\jre\..\lib\tools.jar;C:\Users\admin\.m2\repository\com\keypoint\png-encoder\1.5\png-encoder-1.5.jar;C:\Users\admin\.m2\repository\org\apache\commons\commons-email\1.5\commons-email-1.5.jar;C:\Users\admin\.m2\repository\com\sun\mail\javax.mail\1.5.6\javax.mail-1.5.6.jar;C:\Users\admin\.m2\repository\javax\activation\activation\1.1.1\activation-1.1.1.jar;C:\Users\admin\.m2\repository\javax\activation\javax.activation-api\1.2.0\javax.activation-api-1.2.0.jar;C:\Users\admin\.m2\repository\javax\xml\bind\activation\1.0.2\activation-1.0.2.jar;C:\Users\admin\.m2\repository\com\sun\activation\jakarta.activation\1.2.1\jakarta.activation-1.2.1.jar;C:\Users\admin\.m2\repository\org\codehaus\groovy\groovy-sql\3.0.0-rc-1\groovy-sql-3.0.0-rc-1.jar;C:\Users\admin\.m2\repository\org\codehaus\groovy\groovy\3.0.0-rc-1\groovy-3.0.0-rc-1.jar;C:\Users\admin\.m2\repository\com\android\tools\build\gradle\2.3.0\gradle-2.3.0.jar;C:\Users\admin\.m2\repository\com\android\tools\build\gradle-core\2.3.0\gradle-core-2.3.0.jar;C:\Users\admin\.m2\repository\com\android\tools\build\builder\2.3.0\builder-2.3.0.jar;C:\Users\admin\.m2\repository\com\android\tools\build\builder-model\2.3.0\builder-model-2.3.0.jar;C:\Users\admin\.m2\repository\com\android\tools\build\builder-test-api\2.3.0\builder-test-api-2.3.0.jar;C:\Users\admin\.m2\repository\com\android\tools\sdklib\25.3.0\sdklib-25.3.0.jar;C:\Users\admin\.m2\repository\com\android\tools\layoutlib\layoutlib-api\25.3.0\layoutlib-api-25.3.0.jar;C:\Users\admin\.m2\repository\com\intellij\annotations\12.0\annotations-12.0.jar;C:\Users\admin\.m2\repository\com\android\tools\dvlib\25.3.0\dvlib-25.3.0.jar;C:\Users\admin\.m2\repository\com\android\tools\repository\25.3.0\repository-25.3.0.jar;C:\Users\admin\.m2\repository\com\google\jimfs\jimfs\1.1\jimfs-1.1.jar;C:\Users\admin\.m2\repository\org\apache\commons\commons-compress\1.8.1\commons-compress-1.8.1.jar;C:\Users\admin\.m2\repository\com\android\tools\sdk-common\25.3.0\sdk-common-25.3.0.jar;C:\Users\admin\.m2\repository\com\android\tools\common\25.3.0\common-25.3.0.jar;C:\Users\admin\.m2\repository\com\android\tools\build\manifest-merger\25.3.0\manifest-merger-25.3.0.jar;C:\Users\admin\.m2\repository\net\sf\kxml\kxml2\2.3.0\kxml2-2.3.0.jar;C:\Users\admin\.m2\repository\com\android\tools\ddms\ddmlib\25.3.0\ddmlib-25.3.0.jar;C:\Users\admin\.m2\repository\com\android\tools\jack\jack-api\0.13.0\jack-api-0.13.0.jar;C:\Users\admin\.m2\repository\com\android\tools\jill\jill-api\0.10.0\jill-api-0.10.0.jar;C:\Users\admin\.m2\repository\com\android\tools\analytics-library\protos\25.3.0\protos-25.3.0.jar;C:\Users\admin\.m2\repository\com\android\tools\analytics-library\shared\25.3.0\shared-25.3.0.jar;C:\Users\admin\.m2\repository\com\android\tools\analytics-library\tracker\25.3.0\tracker-25.3.0.jar;C:\Users\admin\.m2\repository\com\squareup\javawriter\2.5.0\javawriter-2.5.0.jar;C:\Users\admin\.m2\repository\org\bouncycastle\bcpkix-jdk15on\1.48\bcpkix-jdk15on-1.48.jar;C:\Users\admin\.m2\repository\org\bouncycastle\bcprov-jdk15on\1.48\bcprov-jdk15on-1.48.jar;C:\Users\admin\.m2\repository\org\ow2\asm\asm-tree\5.0.4\asm-tree-5.0.4.jar;C:\Users\admin\.m2\repository\com\android\tools\lint\lint\25.3.0\lint-25.3.0.jar;C:\Users\admin\.m2\repository\com\android\tools\lint\lint-checks\25.3.0\lint-checks-25.3.0.jar;C:\Users\admin\.m2\repository\com\android\tools\lint\lint-api\25.3.0\lint-api-25.3.0.jar;C:\Users\admin\.m2\repository\com\android\tools\external\com-intellij\uast\162.2228.14\uast-162.2228.14.jar;C:\Users\admin\.m2\repository\com\android\tools\external\lombok\lombok-ast\0.2.3\lombok-ast-0.2.3.jar;C:\Users\admin\.m2\repository\org\ow2\asm\asm-analysis\5.0.4\asm-analysis-5.0.4.jar;C:\Users\admin\.m2\repository\org\eclipse\jdt\core\compiler\ecj\4.6.1\ecj-4.6.1.jar;C:\Users\admin\.m2\repository\com\android\tools\build\transform-api\2.0.0-deprecated-use-gradle-api\transform-api-2.0.0-deprecated-use-gradle-api.jar;C:\Users\admin\.m2\repository\com\android\tools\build\gradle-api\2.3.0\gradle-api-2.3.0.jar;C:\Users\admin\.m2\repository\com\android\databinding\compilerCommon\2.3.0\compilerCommon-2.3.0.jar;C:\Users\admin\.m2\repository\com\android\databinding\baseLibrary\2.3.0\baseLibrary-2.3.0.jar;C:\Users\admin\.m2\repository\org\antlr\antlr4\4.5.3\antlr4-4.5.3.jar;C:\Users\admin\.m2\repository\com\googlecode\juniversalchardet\juniversalchardet\1.0.3\juniversalchardet-1.0.3.jar;C:\Users\admin\.m2\repository\com\android\tools\annotations\24.5.0\annotations-24.5.0.jar;C:\Users\admin\.m2\repository\org\ow2\asm\asm-commons\5.0.4\asm-commons-5.0.4.jar;C:\Users\admin\.m2\repository\net\sf\proguard\proguard-gradle\5.3.2\proguard-gradle-5.3.2.jar;C:\Users\admin\.m2\repository\net\sf\proguard\proguard-base\5.3.2\proguard-base-5.3.2.jar;C:\Users\admin\.m2\repository\org\jacoco\org.jacoco.core\0.7.5.201505241946\org.jacoco.core-0.7.5.201505241946.jar;C:\Users\admin\.m2\repository\org\ow2\asm\asm-debug-all\5.0.1\asm-debug-all-5.0.1.jar;C:\Users\admin\.m2\repository\org\jacoco\org.jacoco.report\0.7.5.201505241946\org.jacoco.report-0.7.5.201505241946.jar;C:\Users\admin\.m2\repository\net\sf\jopt-simple\jopt-simple\4.9\jopt-simple-4.9.jar;C:\Users\admin\.m2\repository\com\google\protobuf\protobuf-java\3.0.0\protobuf-java-3.0.0.jar;C:\Users\admin\.m2\repository\org\antlr\antlr\3.5.2\antlr-3.5.2.jar;C:\Users\admin\.m2\repository\org\antlr\antlr-runtime\3.5.2\antlr-runtime-3.5.2.jar;C:\Users\admin\.m2\repository\org\antlr\ST4\4.0.8\ST4-4.0.8.jar;C:\Users\admin\.m2\repository\org\apache\maven\plugins\maven-surefire-plugin\2.22.2\maven-surefire-plugin-2.22.2.jar;C:\Users\admin\.m2\repository\org\apache\maven\surefire\maven-surefire-common\2.22.2\maven-surefire-common-2.22.2.jar;C:\Users\admin\.m2\repository\org\apache\maven\surefire\surefire-api\2.22.2\surefire-api-2.22.2.jar;C:\Users\admin\.m2\repository\org\apache\maven\surefire\surefire-logger-api\2.22.2\surefire-logger-api-2.22.2.jar;C:\Users\admin\.m2\repository\org\apache\maven\surefire\surefire-booter\2.22.2\surefire-booter-2.22.2.jar;C:\Users\admin\.m2\repository\org\apache\maven\maven-plugin-descriptor\2.2.1\maven-plugin-descriptor-2.2.1.jar;C:\Users\admin\.m2\repository\org\apache\maven\maven-toolchain\2.2.1\maven-toolchain-2.2.1.jar;C:\Users\admin\.m2\repository\org\codehaus\plexus\plexus-java\0.9.10\plexus-java-0.9.10.jar;C:\Users\admin\.m2\repository\com\thoughtworks\qdox\qdox\2.0-M8\qdox-2.0-M8.jar;C:\Users\admin\.m2\repository\org\apache\ant\ant\1.10.7\ant-1.10.7.jar;C:\Users\admin\.m2\repository\org\apache\ant\ant-launcher\1.10.7\ant-launcher-1.10.7.jar;C:\Users\admin\.m2\repository\org\apache\maven\maven-plugin-api\3.6.2\maven-plugin-api-3.6.2.jar;C:\Users\admin\.m2\repository\org\eclipse\sisu\org.eclipse.sisu.plexus\0.3.3\org.eclipse.sisu.plexus-0.3.3.jar;C:\Users\admin\.m2\repository\javax\enterprise\cdi-api\1.0\cdi-api-1.0.jar;C:\Users\admin\.m2\repository\javax\annotation\jsr250-api\1.0\jsr250-api-1.0.jar;C:\Users\admin\.m2\repository\org\eclipse\sisu\org.eclipse.sisu.inject\0.3.3\org.eclipse.sisu.inject-0.3.3.jar;C:\Users\admin\.m2\repository\org\codehaus\plexus\plexus-component-annotations\1.5.5\plexus-component-annotations-1.5.5.jar;C:\Users\admin\.m2\repository\org\codehaus\plexus\plexus-classworlds\2.6.0\plexus-classworlds-2.6.0.jar;C:\Users\admin\.m2\repository\org\eclipse\jetty\jetty-maven-plugin\9.4.22.v20191022\jetty-maven-plugin-9.4.22.v20191022.jar;C:\Users\admin\.m2\repository\org\apache\maven\maven-core\3.6.0\maven-core-3.6.0.jar;C:\Users\admin\.m2\repository\org\apache\maven\maven-settings-builder\3.6.0\maven-settings-builder-3.6.0.jar;C:\Users\admin\.m2\repository\org\sonatype\plexus\plexus-sec-dispatcher\1.4\plexus-sec-dispatcher-1.4.jar;C:\Users\admin\.m2\repository\org\sonatype\plexus\plexus-cipher\1.4\plexus-cipher-1.4.jar;C:\Users\admin\.m2\repository\org\apache\maven\maven-builder-support\3.6.0\maven-builder-support-3.6.0.jar;C:\Users\admin\.m2\repository\org\apache\maven\maven-model-builder\3.6.0\maven-model-builder-3.6.0.jar;C:\Users\admin\.m2\repository\org\apache\maven\maven-resolver-provider\3.6.0\maven-resolver-provider-3.6.0.jar;C:\Users\admin\.m2\repository\org\apache\maven\resolver\maven-resolver-impl\1.3.1\maven-resolver-impl-1.3.1.jar;C:\Users\admin\.m2\repository\org\apache\maven\resolver\maven-resolver-api\1.3.1\maven-resolver-api-1.3.1.jar;C:\Users\admin\.m2\repository\org\apache\maven\resolver\maven-resolver-spi\1.3.1\maven-resolver-spi-1.3.1.jar;C:\Users\admin\.m2\repository\org\apache\maven\resolver\maven-resolver-util\1.3.1\maven-resolver-util-1.3.1.jar;C:\Users\admin\.m2\repository\org\apache\maven\shared\maven-shared-utils\3.2.1\maven-shared-utils-3.2.1.jar;C:\Users\admin\.m2\repository\com\google\inject\guice\4.2.1\guice-4.2.1-no_aop.jar;C:\Users\admin\.m2\repository\aopalliance\aopalliance\1.0\aopalliance-1.0.jar;C:\Users\admin\.m2\repository\javax\inject\javax.inject\1\javax.inject-1.jar;C:\Users\admin\.m2\repository\org\apache\maven\plugin-tools\maven-plugin-tools-api\3.5.2\maven-plugin-tools-api-3.5.2.jar;C:\Users\admin\.m2\repository\org\apache\maven\shared\maven-artifact-transfer\0.9.1\maven-artifact-transfer-0.9.1.jar;C:\Users\admin\.m2\repository\org\apache\maven\shared\maven-common-artifact-filters\3.0.1\maven-common-artifact-filters-3.0.1.jar;C:\Users\admin\.m2\repository\org\sonatype\sisu\sisu-inject-plexus\1.4.2\sisu-inject-plexus-1.4.2.jar;C:\Users\admin\.m2\repository\org\sonatype\sisu\sisu-inject-bean\1.4.2\sisu-inject-bean-1.4.2.jar;C:\Users\admin\.m2\repository\org\sonatype\sisu\sisu-guice\2.1.7\sisu-guice-2.1.7-noaop.jar;C:\Users\admin\.m2\repository\org\eclipse\jetty\jetty-util\9.4.22.v20191022\jetty-util-9.4.22.v20191022.jar;C:\Users\admin\.m2\repository\org\eclipse\jetty\jetty-webapp\9.4.22.v20191022\jetty-webapp-9.4.22.v20191022.jar;C:\Users\admin\.m2\repository\org\eclipse\jetty\jetty-xml\9.4.22.v20191022\jetty-xml-9.4.22.v20191022.jar;C:\Users\admin\.m2\repository\org\eclipse\jetty\jetty-quickstart\9.4.22.v20191022\jetty-quickstart-9.4.22.v20191022.jar;C:\Users\admin\.m2\repository\org\eclipse\jetty\jetty-jaas\9.4.22.v20191022\jetty-jaas-9.4.22.v20191022.jar;C:\Users\admin\.m2\repository\org\eclipse\jetty\jetty-security\9.4.22.v20191022\jetty-security-9.4.22.v20191022.jar;C:\Users\admin\.m2\repository\org\eclipse\jetty\jetty-plus\9.4.22.v20191022\jetty-plus-9.4.22.v20191022.jar;C:\Users\admin\.m2\repository\org\eclipse\jetty\jetty-jndi\9.4.22.v20191022\jetty-jndi-9.4.22.v20191022.jar;C:\Users\admin\.m2\repository\org\eclipse\jetty\jetty-servlet\9.4.22.v20191022\jetty-servlet-9.4.22.v20191022.jar;C:\Users\admin\.m2\repository\org\eclipse\jetty\jetty-client\9.4.22.v20191022\jetty-client-9.4.22.v20191022.jar;C:\Users\admin\.m2\repository\org\eclipse\jetty\jetty-http\9.4.22.v20191022\jetty-http-9.4.22.v20191022.jar;C:\Users\admin\.m2\repository\org\eclipse\jetty\jetty-io\9.4.22.v20191022\jetty-io-9.4.22.v20191022.jar;C:\Users\admin\.m2\repository\org\eclipse\jetty\jetty-jmx\9.4.22.v20191022\jetty-jmx-9.4.22.v20191022.jar;C:\Users\admin\.m2\repository\org\eclipse\jetty\jetty-annotations\9.4.22.v20191022\jetty-annotations-9.4.22.v20191022.jar;C:\Users\admin\.m2\repository\javax\annotation\javax.annotation-api\1.3\javax.annotation-api-1.3.jar;C:\Users\admin\.m2\repository\org\eclipse\jetty\websocket\javax-websocket-server-impl\9.4.22.v20191022\javax-websocket-server-impl-9.4.22.v20191022.jar;C:\Users\admin\.m2\repository\org\eclipse\jetty\websocket\javax-websocket-client-impl\9.4.22.v20191022\javax-websocket-client-impl-9.4.22.v20191022.jar;C:\Users\admin\.m2\repository\javax\websocket\javax.websocket-client-api\1.0\javax.websocket-client-api-1.0.jar;C:\Users\admin\.m2\repository\javax\websocket\javax.websocket-api\1.0\javax.websocket-api-1.0.jar;C:\Users\admin\.m2\repository\org\eclipse\jetty\websocket\websocket-server\9.4.22.v20191022\websocket-server-9.4.22.v20191022.jar;C:\Users\admin\.m2\repository\org\eclipse\jetty\websocket\websocket-common\9.4.22.v20191022\websocket-common-9.4.22.v20191022.jar;C:\Users\admin\.m2\repository\org\eclipse\jetty\websocket\websocket-api\9.4.22.v20191022\websocket-api-9.4.22.v20191022.jar;C:\Users\admin\.m2\repository\org\eclipse\jetty\websocket\websocket-client\9.4.22.v20191022\websocket-client-9.4.22.v20191022.jar;C:\Users\admin\.m2\repository\org\eclipse\jetty\websocket\websocket-servlet\9.4.22.v20191022\websocket-servlet-9.4.22.v20191022.jar;C:\Users\admin\.m2\repository\org\eclipse\jetty\apache-jsp\9.4.22.v20191022\apache-jsp-9.4.22.v20191022.jar;C:\Users\admin\.m2\repository\org\eclipse\jetty\toolchain\jetty-schemas\3.1.2\jetty-schemas-3.1.2.jar;C:\Users\admin\.m2\repository\org\mortbay\jasper\apache-jsp\8.5.40\apache-jsp-8.5.40.jar;C:\Users\admin\.m2\repository\org\mortbay\jasper\apache-el\8.5.40\apache-el-8.5.40.jar;C:\Users\admin\.m2\repository\org\eclipse\jdt\ecj\3.17.0\ecj-3.17.0.jar;C:\Users\admin\.m2\repository\org\eclipse\jetty\apache-jstl\9.4.22.v20191022\apache-jstl-9.4.22.v20191022.jar;C:\Users\admin\.m2\repository\org\apache\taglibs\taglibs-standard-spec\1.2.5\taglibs-standard-spec-1.2.5.jar;C:\Users\admin\.m2\repository\org\apache\taglibs\taglibs-standard-impl\1.2.5\taglibs-standard-impl-1.2.5.jar;C:\Users\admin\.m2\repository\javax\transaction\javax.transaction-api\1.3\javax.transaction-api-1.3.jar;C:\Users\admin\.m2\repository\org\eclipse\jetty\jetty-server\9.4.24.v20191120\jetty-server-9.4.24.v20191120.jar;C:\Users\admin\.m2\repository\javax\servlet\javax.servlet-api\3.1.0\javax.servlet-api-3.1.0.jar;C:\Users\admin\.m2\repository\org\apache\maven\surefire\surefire-testng-utils\2.19.1\surefire-testng-utils-2.19.1.jar;C:\Users\admin\.m2\repository\org\apache\maven\surefire\surefire-grouper\2.19.1\surefire-grouper-2.19.1.jar;"/>
    <property name="jboss.modules.system.pkgs" value="com.intellij.rt"/>
    <property name="maven.conf" value="C:\Program Files\JetBrains\IntelliJ IDEA 2019.3.1\plugins\maven\lib\maven3/conf"/>
    <property name="java.class.version" value="52.0"/>
    <property name="java.specification.name" value="Java Platform API Specification"/>
    <property name="sun.management.compiler" value="HotSpot 64-Bit Tiered Compilers"/>
    <property name="os.version" value="6.1"/>
    <property name="idea.version2019.3.1" value="true"/>
    <property name="user.home" value="C:\Users\admin"/>
    <property name="user.timezone" value="America/Los_Angeles"/>
    <property name="java.awt.printerjob" value="sun.awt.windows.WPrinterJob"/>
    <property name="java.specification.version" value="1.8"/>
    <property name="file.encoding" value="UTF-8"/>
    <property name="user.name" value="admin"/>
    <property name="java.class.path" value="C:\Program Files\JetBrains\IntelliJ IDEA 2019.3.1\plugins\maven\lib\maven3\boot\plexus-classworlds-2.6.0.jar;C:\Program Files\JetBrains\IntelliJ IDEA 2019.3.1\lib\idea_rt.jar;C:\Users\admin\.IntelliJIdea2019.3\system\captureAgent\debugger-agent.jar"/>
    <property name="java.vm.specification.version" value="1.8"/>
    <property name="sun.arch.data.model" value="64"/>
    <property name="java.home" value="C:\Program Files\Java\jdk1.8.0_231\jre"/>
    <property name="sun.java.command" value="org.codehaus.classworlds.Launcher -Didea.version2019.3.1 clean install -DforkMode=never -DforkCount=0 -DreuseForks=false"/>
    <property name="java.specification.vendor" value="Oracle Corporation"/>
    <property name="user.language" value="en"/>
    <property name="awt.toolkit" value="sun.awt.windows.WToolkit"/>
    <property name="java.vm.info" value="mixed mode"/>
    <property name="java.version" value="1.8.0_231"/>
    <property name="java.ext.dirs" value="C:\Program Files\Java\jdk1.8.0_231\jre\lib\ext;C:\Windows\Sun\Java\lib\ext"/>
    <property name="sun.boot.class.path" value="C:\Program Files\Java\jdk1.8.0_231\jre\lib\resources.jar;C:\Program Files\Java\jdk1.8.0_231\jre\lib\rt.jar;C:\Program Files\Java\jdk1.8.0_231\jre\lib\sunrsasign.jar;C:\Program Files\Java\jdk1.8.0_231\jre\lib\jsse.jar;C:\Program Files\Java\jdk1.8.0_231\jre\lib\jce.jar;C:\Program Files\Java\jdk1.8.0_231\jre\lib\charsets.jar;C:\Program Files\Java\jdk1.8.0_231\jre\lib\jfr.jar;C:\Program Files\Java\jdk1.8.0_231\jre\classes"/>
    <property name="webdriver.chrome.driver" value="D:\demo_smrc_com\Driver\chromedriver.exe"/>
    <property name="java.vendor" value="Oracle Corporation"/>
    <property name="maven.home" value="C:\Program Files\JetBrains\IntelliJ IDEA 2019.3.1\plugins\maven\lib\maven3"/>
    <property name="localRepository" value="C:\Users\admin\.m2\repository"/>
    <property name="file.separator" value="\"/>
    <property name="java.vendor.url.bug" value="http://bugreport.sun.com/bugreport/"/>
    <property name="forkMode" value="never"/>
    <property name="sun.cpu.endian" value="little"/>
    <property name="sun.io.unicode.encoding" value="UnicodeLittle"/>
    <property name="sun.desktop" value="windows"/>
    <property name="sun.cpu.isalist" value="amd64"/>
  </properties>
  <testcase name="Url_Hit" classname="com.TestCase.Login.Login_TestCase" time="21.892"/>
  <testcase name="With_Username_Password" classname="com.TestCase.Login.Login_TestCase" time="30.263"/>
  <testcase name="Hyperlink_Patient_Profile" classname="com.TestCase.Patient_Profile_Age.Patient_Profile_Age_TestCase" time="39.332"/>
  <testcase name="brand_custom_TestCase" classname="com.TestCase.Patient_Profile_Age.category_brand_custom_TestCase" time="107.694">
    <failure message="no such element: Unable to locate element: {&quot;method&quot;:&quot;xpath&quot;,&quot;selector&quot;:&quot;//span[contains(text(),&apos;Select zone&apos;)]&quot;}&#10;  (Session info: chrome=79.0.3945.117)&#10;For documentation on this error, please visit: https://www.seleniumhq.org/exceptions/no_such_element.html&#10;Build info: version: &apos;3.141.59&apos;, revision: &apos;e82be7d358&apos;, time: &apos;2018-11-14T08:17:03&apos;&#10;System info: host: &apos;ADMIN-PC&apos;, ip: &apos;192.168.11.105&apos;, os.name: &apos;Windows 7&apos;, os.arch: &apos;amd64&apos;, os.version: &apos;6.1&apos;, java.version: &apos;1.8.0_231&apos;&#10;Driver info: org.openqa.selenium.chrome.ChromeDriver&#10;Capabilities {acceptInsecureCerts: false, browserName: chrome, browserVersion: 79.0.3945.117, chrome: {chromedriverVersion: 79.0.3945.36 (3582db32b3389..., userDataDir: C:\Users\admin\AppData\Loca...}, goog:chromeOptions: {debuggerAddress: localhost:51647}, javascriptEnabled: true, networkConnectionEnabled: false, pageLoadStrategy: normal, platform: WINDOWS, platformName: WINDOWS, proxy: Proxy(), setWindowRect: true, strictFileInteractability: false, timeouts: {implicit: 0, pageLoad: 300000, script: 30000}, unhandledPromptBehavior: dismiss and notify}&#10;Session ID: 90d180f9fe452653580471728f60ea24&#10;*** Element info: {Using=xpath, value=//span[contains(text(),&apos;Select zone&apos;)]}" type="org.openqa.selenium.NoSuchElementException">org.openqa.selenium.NoSuchElementException: 
no such element: Unable to locate element: {"method":"xpath","selector":"//span[contains(text(),'Select zone')]"}
  (Session info: chrome=79.0.3945.117)
For documentation on this error, please visit: https://www.seleniumhq.org/exceptions/no_such_element.html
Build info: version: '3.141.59', revision: 'e82be7d358', time: '2018-11-14T08:17:03'
System info: host: 'ADMIN-PC', ip: '192.168.11.105', os.name: 'Windows 7', os.arch: 'amd64', os.version: '6.1', java.version: '1.8.0_231'
Driver info: org.openqa.selenium.chrome.ChromeDriver
Capabilities {acceptInsecureCerts: false, browserName: chrome, browserVersion: 79.0.3945.117, chrome: {chromedriverVersion: 79.0.3945.36 (3582db32b3389..., userDataDir: C:\Users\admin\AppData\Loca...}, goog:chromeOptions: {debuggerAddress: localhost:51647}, javascriptEnabled: true, networkConnectionEnabled: false, pageLoadStrategy: normal, platform: WINDOWS, platformName: WINDOWS, proxy: Proxy(), setWindowRect: true, strictFileInteractability: false, timeouts: {implicit: 0, pageLoad: 300000, script: 30000}, unhandledPromptBehavior: dismiss and notify}
Session ID: 90d180f9fe452653580471728f60ea24
*** Element info: {Using=xpath, value=//span[contains(text(),'Select zone')]}
	at com.TestCase.Patient_Profile_Age.category_brand_custom_TestCase.brand_custom_TestCase(category_brand_custom_TestCase.java:17)
</failure>
    <system-out><![CDATA[CHEST click
Close_Speciality_window
Selection Period (Radio Button)
Selection Period droupdown box click
Year Choice
Close Year  droupdown click
Category Droupdown click
Category_choice
Close Category Droupdown click
Filter Brand Button click
Scroll hit
Scroll
Molecule Droupdownbox
Choice Molecule
Close Molecule Droupdownbox
Brand Button Click
Brand Droupdown click
Choice Brand
Close Brand_droupdown_xpath
Zone droupdown
Choice value
]]></system-out>
  </testcase>
  <testcase name="Details" classname="com.TestCase.Sidepanel.Sidepanel_TestCase" time="52.529"/>
  <testcase name="Categry_Mol" classname="com.TestCase.Categry_Mol.Categry_Mol_S_TestCase" time="83.732">
    <failure message="no such element: Unable to locate element: {&quot;method&quot;:&quot;xpath&quot;,&quot;selector&quot;:&quot;/html[1]/body[1]/div[3]/div[1]/div[2]/div[1]/div[1]/div[2]/div[1]/div[1]/div[1]/div[2]/form[1]/div[1]/div[9]/div[1]/div[1]/ul[1]/li[4]/a[1]/label[1]&quot;}&#10;  (Session info: chrome=79.0.3945.117)&#10;For documentation on this error, please visit: https://www.seleniumhq.org/exceptions/no_such_element.html&#10;Build info: version: &apos;3.141.59&apos;, revision: &apos;e82be7d358&apos;, time: &apos;2018-11-14T08:17:03&apos;&#10;System info: host: &apos;ADMIN-PC&apos;, ip: &apos;192.168.11.105&apos;, os.name: &apos;Windows 7&apos;, os.arch: &apos;amd64&apos;, os.version: &apos;6.1&apos;, java.version: &apos;1.8.0_231&apos;&#10;Driver info: org.openqa.selenium.chrome.ChromeDriver&#10;Capabilities {acceptInsecureCerts: false, browserName: chrome, browserVersion: 79.0.3945.117, chrome: {chromedriverVersion: 79.0.3945.36 (3582db32b3389..., userDataDir: C:\Users\admin\AppData\Loca...}, goog:chromeOptions: {debuggerAddress: localhost:51647}, javascriptEnabled: true, networkConnectionEnabled: false, pageLoadStrategy: normal, platform: WINDOWS, platformName: WINDOWS, proxy: Proxy(), setWindowRect: true, strictFileInteractability: false, timeouts: {implicit: 0, pageLoad: 300000, script: 30000}, unhandledPromptBehavior: dismiss and notify}&#10;Session ID: 90d180f9fe452653580471728f60ea24&#10;*** Element info: {Using=xpath, value=/html[1]/body[1]/div[3]/div[1]/div[2]/div[1]/div[1]/div[2]/div[1]/div[1]/div[1]/div[2]/form[1]/div[1]/div[9]/div[1]/div[1]/ul[1]/li[4]/a[1]/label[1]}" type="org.openqa.selenium.NoSuchElementException">org.openqa.selenium.NoSuchElementException: 
no such element: Unable to locate element: {"method":"xpath","selector":"/html[1]/body[1]/div[3]/div[1]/div[2]/div[1]/div[1]/div[2]/div[1]/div[1]/div[1]/div[2]/form[1]/div[1]/div[9]/div[1]/div[1]/ul[1]/li[4]/a[1]/label[1]"}
  (Session info: chrome=79.0.3945.117)
For documentation on this error, please visit: https://www.seleniumhq.org/exceptions/no_such_element.html
Build info: version: '3.141.59', revision: 'e82be7d358', time: '2018-11-14T08:17:03'
System info: host: 'ADMIN-PC', ip: '192.168.11.105', os.name: 'Windows 7', os.arch: 'amd64', os.version: '6.1', java.version: '1.8.0_231'
Driver info: org.openqa.selenium.chrome.ChromeDriver
Capabilities {acceptInsecureCerts: false, browserName: chrome, browserVersion: 79.0.3945.117, chrome: {chromedriverVersion: 79.0.3945.36 (3582db32b3389..., userDataDir: C:\Users\admin\AppData\Loca...}, goog:chromeOptions: {debuggerAddress: localhost:51647}, javascriptEnabled: true, networkConnectionEnabled: false, pageLoadStrategy: normal, platform: WINDOWS, platformName: WINDOWS, proxy: Proxy(), setWindowRect: true, strictFileInteractability: false, timeouts: {implicit: 0, pageLoad: 300000, script: 30000}, unhandledPromptBehavior: dismiss and notify}
Session ID: 90d180f9fe452653580471728f60ea24
*** Element info: {Using=xpath, value=/html[1]/body[1]/div[3]/div[1]/div[2]/div[1]/div[1]/div[2]/div[1]/div[1]/div[1]/div[2]/form[1]/div[1]/div[9]/div[1]/div[1]/ul[1]/li[4]/a[1]/label[1]}
	at com.TestCase.Categry_Mol.Categry_Mol_S_TestCase.Categry_Mol(Categry_Mol_S_TestCase.java:11)
</failure>
    <system-out><![CDATA[Clear all Button Show
CHEST click
Close_Speciality_window
Selection Period (Radio Button)
Selection Period droupdown box click
Year Choice
Close Year  droupdown click
Category Droupdown click
Category_choice
Close Category Droupdown click
Scroll hit
Scroll
Filter Brand Button click
Molecule Droupdownbox
Choice Molecule
Close Molecule Droupdownbox
Zone droupdown
]]></system-out>
  </testcase>
  <testcase name="details" classname="com.TestCase.RXER_Profile_Age_Report.RXER_Profile_Age_TestCase" time="110.991">
    <failure message="no such element: Unable to locate element: {&quot;method&quot;:&quot;xpath&quot;,&quot;selector&quot;:&quot;/html[1]/body[1]/div[3]/div[1]/div[2]/div[1]/div[1]/div[2]/div[1]/div[1]/div[1]/div[2]/form[1]/div[1]/div[9]/div[1]/div[1]/ul[1]/li[4]/a[1]/label[1]&quot;}&#10;  (Session info: chrome=79.0.3945.117)&#10;For documentation on this error, please visit: https://www.seleniumhq.org/exceptions/no_such_element.html&#10;Build info: version: &apos;3.141.59&apos;, revision: &apos;e82be7d358&apos;, time: &apos;2018-11-14T08:17:03&apos;&#10;System info: host: &apos;ADMIN-PC&apos;, ip: &apos;192.168.11.105&apos;, os.name: &apos;Windows 7&apos;, os.arch: &apos;amd64&apos;, os.version: &apos;6.1&apos;, java.version: &apos;1.8.0_231&apos;&#10;Driver info: org.openqa.selenium.chrome.ChromeDriver&#10;Capabilities {acceptInsecureCerts: false, browserName: chrome, browserVersion: 79.0.3945.117, chrome: {chromedriverVersion: 79.0.3945.36 (3582db32b3389..., userDataDir: C:\Users\admin\AppData\Loca...}, goog:chromeOptions: {debuggerAddress: localhost:51647}, javascriptEnabled: true, networkConnectionEnabled: false, pageLoadStrategy: normal, platform: WINDOWS, platformName: WINDOWS, proxy: Proxy(), setWindowRect: true, strictFileInteractability: false, timeouts: {implicit: 0, pageLoad: 300000, script: 30000}, unhandledPromptBehavior: dismiss and notify}&#10;Session ID: 90d180f9fe452653580471728f60ea24&#10;*** Element info: {Using=xpath, value=/html[1]/body[1]/div[3]/div[1]/div[2]/div[1]/div[1]/div[2]/div[1]/div[1]/div[1]/div[2]/form[1]/div[1]/div[9]/div[1]/div[1]/ul[1]/li[4]/a[1]/label[1]}" type="org.openqa.selenium.NoSuchElementException">org.openqa.selenium.NoSuchElementException: 
no such element: Unable to locate element: {"method":"xpath","selector":"/html[1]/body[1]/div[3]/div[1]/div[2]/div[1]/div[1]/div[2]/div[1]/div[1]/div[1]/div[2]/form[1]/div[1]/div[9]/div[1]/div[1]/ul[1]/li[4]/a[1]/label[1]"}
  (Session info: chrome=79.0.3945.117)
For documentation on this error, please visit: https://www.seleniumhq.org/exceptions/no_such_element.html
Build info: version: '3.141.59', revision: 'e82be7d358', time: '2018-11-14T08:17:03'
System info: host: 'ADMIN-PC', ip: '192.168.11.105', os.name: 'Windows 7', os.arch: 'amd64', os.version: '6.1', java.version: '1.8.0_231'
Driver info: org.openqa.selenium.chrome.ChromeDriver
Capabilities {acceptInsecureCerts: false, browserName: chrome, browserVersion: 79.0.3945.117, chrome: {chromedriverVersion: 79.0.3945.36 (3582db32b3389..., userDataDir: C:\Users\admin\AppData\Loca...}, goog:chromeOptions: {debuggerAddress: localhost:51647}, javascriptEnabled: true, networkConnectionEnabled: false, pageLoadStrategy: normal, platform: WINDOWS, platformName: WINDOWS, proxy: Proxy(), setWindowRect: true, strictFileInteractability: false, timeouts: {implicit: 0, pageLoad: 300000, script: 30000}, unhandledPromptBehavior: dismiss and notify}
Session ID: 90d180f9fe452653580471728f60ea24
*** Element info: {Using=xpath, value=/html[1]/body[1]/div[3]/div[1]/div[2]/div[1]/div[1]/div[2]/div[1]/div[1]/div[1]/div[2]/form[1]/div[1]/div[9]/div[1]/div[1]/ul[1]/li[4]/a[1]/label[1]}
	at com.TestCase.RXER_Profile_Age_Report.RXER_Profile_Age_TestCase.details(RXER_Profile_Age_TestCase.java:12)
</failure>
    <system-out><![CDATA[RXER_Profile_Age Tab click
Brand Hit
CHEST click
Close_Speciality_window
Selection Period (Radio Button)
Selection Period droupdown box click
Year Choice
Close Year  droupdown click
Scroll hit
Scroll
Search Brand
Brand_Choice_Xpath
Close Brand
Zone droupdown
]]></system-out>
  </testcase>
  <testcase name="details" classname="com.TestCase.Rpm_Report.Rpm_TestCase" time="85.031">
    <failure message="element click intercepted: Element &lt;a href=&quot;javascript:void(0)&quot; id=&quot;clear-all&quot; class=&quot;btn btn-primary legitRipple&quot;&gt;...&lt;/a&gt; is not clickable at point (1394, 132). Other element would receive the click: &lt;div class=&quot;blockUI blockOverlay&quot; style=&quot;z-index: 1000; border: none; margin: 0px; padding: 0px; width: 100%; height: 100%; top: 0px; left: 0px; background-color: rgb(0, 0, 0); opacity: 0.57281; cursor: default; position: fixed;&quot;&gt;&lt;/div&gt;&#10;  (Session info: chrome=79.0.3945.117)&#10;Build info: version: &apos;3.141.59&apos;, revision: &apos;e82be7d358&apos;, time: &apos;2018-11-14T08:17:03&apos;&#10;System info: host: &apos;ADMIN-PC&apos;, ip: &apos;192.168.11.105&apos;, os.name: &apos;Windows 7&apos;, os.arch: &apos;amd64&apos;, os.version: &apos;6.1&apos;, java.version: &apos;1.8.0_231&apos;&#10;Driver info: org.openqa.selenium.chrome.ChromeDriver&#10;Capabilities {acceptInsecureCerts: false, browserName: chrome, browserVersion: 79.0.3945.117, chrome: {chromedriverVersion: 79.0.3945.36 (3582db32b3389..., userDataDir: C:\Users\admin\AppData\Loca...}, goog:chromeOptions: {debuggerAddress: localhost:51647}, javascriptEnabled: true, networkConnectionEnabled: false, pageLoadStrategy: normal, platform: WINDOWS, platformName: WINDOWS, proxy: Proxy(), setWindowRect: true, strictFileInteractability: false, timeouts: {implicit: 0, pageLoad: 300000, script: 30000}, unhandledPromptBehavior: dismiss and notify}&#10;Session ID: 90d180f9fe452653580471728f60ea24" type="org.openqa.selenium.ElementClickInterceptedException"><![CDATA[org.openqa.selenium.ElementClickInterceptedException: 
element click intercepted: Element <a href="javascript:void(0)" id="clear-all" class="btn btn-primary legitRipple">...</a> is not clickable at point (1394, 132). Other element would receive the click: <div class="blockUI blockOverlay" style="z-index: 1000; border: none; margin: 0px; padding: 0px; width: 100%; height: 100%; top: 0px; left: 0px; background-color: rgb(0, 0, 0); opacity: 0.57281; cursor: default; position: fixed;"></div>
  (Session info: chrome=79.0.3945.117)
Build info: version: '3.141.59', revision: 'e82be7d358', time: '2018-11-14T08:17:03'
System info: host: 'ADMIN-PC', ip: '192.168.11.105', os.name: 'Windows 7', os.arch: 'amd64', os.version: '6.1', java.version: '1.8.0_231'
Driver info: org.openqa.selenium.chrome.ChromeDriver
Capabilities {acceptInsecureCerts: false, browserName: chrome, browserVersion: 79.0.3945.117, chrome: {chromedriverVersion: 79.0.3945.36 (3582db32b3389..., userDataDir: C:\Users\admin\AppData\Loca...}, goog:chromeOptions: {debuggerAddress: localhost:51647}, javascriptEnabled: true, networkConnectionEnabled: false, pageLoadStrategy: normal, platform: WINDOWS, platformName: WINDOWS, proxy: Proxy(), setWindowRect: true, strictFileInteractability: false, timeouts: {implicit: 0, pageLoad: 300000, script: 30000}, unhandledPromptBehavior: dismiss and notify}
Session ID: 90d180f9fe452653580471728f60ea24
	at com.TestCase.Rpm_Report.Rpm_TestCase.details(Rpm_TestCase.java:11)
]]></failure>
    <system-out><![CDATA[SRP Tab Hit
RXER_Profile_Age Tab click
Rpm Tab Click
]]></system-out>
  </testcase>
</testsuite>